TN:
SF:config.js
FNF:0
FNH:0
DA:1,1
LF:1
LH:1
BRDA:3,0,0,1
BRDA:3,0,1,1
BRDA:4,1,0,1
BRDA:4,1,1,1
BRDA:5,2,0,1
BRDA:5,2,1,1
BRDA:6,3,0,1
BRDA:6,3,1,1
BRDA:7,4,0,1
BRDA:7,4,1,1
BRDA:8,5,0,1
BRDA:8,5,1,1
BRDA:9,6,0,1
BRDA:9,6,1,1
BRDA:10,7,0,1
BRDA:10,7,1,1
BRDA:11,8,0,1
BRDA:11,8,1,1
BRDA:12,9,0,1
BRDA:12,9,1,1
BRDA:13,10,0,1
BRDA:13,10,1,1
BRDA:14,11,0,1
BRDA:14,11,1,1
BRDA:15,12,0,1
BRDA:15,12,1,1
BRDA:17,13,0,1
BRDA:17,13,1,1
BRDA:18,14,0,1
BRDA:18,14,1,1
BRDA:19,15,0,1
BRDA:19,15,1,1
BRDA:20,16,0,1
BRDA:20,16,1,1
BRDA:21,17,0,1
BRDA:21,17,1,1
BRDA:24,18,0,1
BRDA:24,18,1,1
BRDA:25,19,0,1
BRDA:25,19,1,1
BRDA:27,20,0,1
BRDA:27,20,1,1
BRDA:28,21,0,1
BRDA:28,21,1,1
BRDA:29,22,0,1
BRDA:29,22,1,1
BRDA:30,23,0,1
BRDA:30,23,1,1
BRDA:31,24,0,1
BRDA:31,24,1,1
BRDA:32,25,0,1
BRDA:32,25,1,1
BRDA:33,26,0,1
BRDA:33,26,1,1
BRDA:34,27,0,1
BRDA:34,27,1,1
BRDA:35,28,0,1
BRDA:35,28,1,1
BRF:58
BRH:58
end_of_record
TN:
SF:index.js
FN:76,(anonymous_0)
FN:93,sanitizeUUIDs
FN:111,(anonymous_2)
FN:158,(anonymous_3)
FN:170,(anonymous_4)
FN:185,(anonymous_5)
FNF:6
FNH:4
FNDA:3,(anonymous_0)
FNDA:9,sanitizeUUIDs
FNDA:3,(anonymous_2)
FNDA:0,(anonymous_3)
FNDA:1,(anonymous_4)
FNDA:0,(anonymous_5)
DA:1,1
DA:2,1
DA:3,1
DA:4,1
DA:5,1
DA:6,1
DA:7,1
DA:10,1
DA:11,1
DA:12,1
DA:13,1
DA:14,1
DA:15,1
DA:16,1
DA:17,1
DA:19,1
DA:26,1
DA:34,1
DA:35,1
DA:39,1
DA:42,1
DA:43,1
DA:44,1
DA:45,1
DA:46,1
DA:47,1
DA:48,1
DA:49,1
DA:50,1
DA:51,1
DA:52,1
DA:53,1
DA:54,1
DA:55,1
DA:56,1
DA:57,1
DA:58,1
DA:59,1
DA:60,1
DA:61,1
DA:62,1
DA:63,1
DA:64,1
DA:65,1
DA:66,1
DA:67,1
DA:68,1
DA:69,1
DA:70,1
DA:71,1
DA:72,1
DA:74,1
DA:76,3
DA:77,1
DA:79,1
DA:81,1
DA:86,1
DA:91,1
DA:94,9
DA:95,9
DA:96,5
DA:97,0
DA:98,0
DA:99,0
DA:100,0
DA:101,0
DA:102,0
DA:105,5
DA:106,0
DA:111,1
DA:112,3
DA:113,3
DA:114,3
DA:115,3
DA:118,1
DA:119,1
DA:120,1
DA:121,1
DA:122,1
DA:123,1
DA:124,1
DA:125,1
DA:126,1
DA:127,1
DA:128,1
DA:129,1
DA:130,1
DA:131,1
DA:132,1
DA:133,1
DA:134,1
DA:135,1
DA:136,1
DA:137,1
DA:138,1
DA:139,1
DA:140,1
DA:141,1
DA:142,1
DA:143,1
DA:144,1
DA:145,1
DA:146,1
DA:147,1
DA:148,1
DA:149,1
DA:150,1
DA:151,1
DA:152,1
DA:153,1
DA:154,1
DA:155,1
DA:158,1
DA:159,0
DA:170,1
DA:171,1
DA:172,1
DA:173,1
DA:174,1
DA:176,1
DA:177,1
DA:184,1
DA:185,0
DA:186,0
DA:190,1
LF:125
LH:115
BRDA:94,0,0,0
BRDA:94,0,1,9
BRDA:94,1,0,9
BRDA:94,1,1,9
BRDA:96,2,0,0
BRDA:96,2,1,5
BRDA:98,3,0,0
BRDA:98,3,1,0
BRDA:98,4,0,0
BRDA:98,4,1,0
BRDA:100,5,0,0
BRDA:100,5,1,0
BRDA:100,6,0,0
BRDA:100,6,1,0
BRDA:100,6,2,0
BRDA:101,7,0,0
BRDA:101,7,1,0
BRDA:105,8,0,0
BRDA:105,8,1,5
BRDA:173,9,0,0
BRDA:173,9,1,1
BRDA:176,10,0,1
BRDA:176,10,1,0
BRDA:180,11,0,1
BRDA:180,11,1,0
BRDA:184,12,0,0
BRDA:184,12,1,1
BRF:27
BRH:9
end_of_record
TN:
SF:Controllers/AI.controller.js
FN:7,extractKycDataController
FN:26,generateDescriptionController
FN:45,globalChatController
FNF:3
FNH:0
FNDA:0,extractKycDataController
FNDA:0,generateDescriptionController
FNDA:0,globalChatController
DA:1,1
DA:2,1
DA:3,1
DA:4,1
DA:5,1
DA:8,0
DA:9,0
DA:11,0
DA:12,0
DA:15,0
DA:17,0
DA:22,0
DA:27,0
DA:28,0
DA:30,0
DA:31,0
DA:34,0
DA:36,0
DA:41,0
DA:46,0
DA:47,0
DA:48,0
DA:50,0
DA:51,0
DA:53,0
DA:54,0
DA:55,0
DA:56,0
DA:57,0
DA:58,0
DA:60,0
DA:61,0
DA:63,0
DA:64,0
DA:68,0
DA:70,0
DA:78,0
DA:79,0
DA:81,0
DA:90,0
DA:94,1
LF:41
LH:6
BRDA:11,0,0,0
BRDA:11,0,1,0
BRDA:11,1,0,0
BRDA:11,1,1,0
BRDA:30,2,0,0
BRDA:30,2,1,0
BRDA:30,3,0,0
BRDA:30,3,1,0
BRDA:34,4,0,0
BRDA:34,4,1,0
BRDA:53,5,0,0
BRDA:53,5,1,0
BRDA:53,6,0,0
BRDA:53,6,1,0
BRDA:58,7,0,0
BRDA:58,7,1,0
BRDA:61,8,0,0
BRDA:61,8,1,0
BRDA:68,9,0,0
BRDA:68,9,1,0
BRDA:73,10,0,0
BRDA:73,10,1,0
BRDA:74,11,0,0
BRDA:74,11,1,0
BRDA:74,12,0,0
BRDA:74,12,1,0
BRDA:78,13,0,0
BRDA:78,13,1,0
BRDA:78,14,0,0
BRDA:78,14,1,0
BRDA:78,15,0,0
BRDA:78,15,1,0
BRDA:78,16,0,0
BRDA:78,16,1,0
BRDA:79,17,0,0
BRDA:79,17,1,0
BRDA:79,18,0,0
BRDA:79,18,1,0
BRDA:79,19,0,0
BRDA:79,19,1,0
BRF:40
BRH:0
end_of_record
TN:
SF:Controllers/AIPlaybook.controller.js
FN:7,getAllPlaybooks
FN:22,upsertPlaybook
FNF:2
FNH:0
FNDA:0,getAllPlaybooks
FNDA:0,upsertPlaybook
DA:1,1
DA:2,1
DA:3,1
DA:4,1
DA:8,0
DA:9,0
DA:12,0
DA:17,0
DA:23,0
DA:24,0
DA:26,0
DA:27,0
DA:31,0
DA:33,0
DA:34,0
DA:35,0
DA:36,0
DA:37,0
DA:38,0
DA:40,0
DA:50,0
DA:51,0
DA:52,0
DA:53,0
DA:54,0
DA:57,0
DA:60,0
DA:66,0
DA:70,1
LF:29
LH:5
BRDA:17,0,0,0
BRDA:17,0,1,0
BRDA:26,1,0,0
BRDA:26,1,1,0
BRDA:26,2,0,0
BRDA:26,2,1,0
BRDA:26,2,2,0
BRDA:33,3,0,0
BRDA:33,3,1,0
BRDA:36,4,0,0
BRDA:36,4,1,0
BRDA:37,5,0,0
BRDA:37,5,1,0
BRDA:44,6,0,0
BRDA:44,6,1,0
BRDA:45,7,0,0
BRDA:45,7,1,0
BRDA:66,8,0,0
BRDA:66,8,1,0
BRF:19
BRH:0
end_of_record
TN:
SF:Controllers/Admin.controller.js
FN:8,getAllIntegrations
FN:73,approveIntegration
FN:104,suspendIntegration
FN:135,updateIntegration
FN:254,getAllSystemUsers
FN:301,adminCreateUser
FN:431,(anonymous_6)
FN:451,adminUpdateUser
FN:581,(anonymous_8)
FN:595,adminDeleteUser
FN:639,(anonymous_10)
FN:640,(anonymous_11)
FN:641,(anonymous_12)
FN:642,(anonymous_13)
FN:660,(anonymous_14)
FN:674,getIntegrationCustomers
FN:690,getSystemSettings
FN:700,updateSystemSetting
FN:720,getPartnerCommissionStats
FN:732,(anonymous_19)
FN:746,triggerKYC
FN:768,getTrustScore
FN:785,deleteIntegration
FN:830,(anonymous_23)
FN:834,(anonymous_24)
FN:835,(anonymous_25)
FN:836,(anonymous_26)
FN:837,(anonymous_27)
FN:838,(anonymous_28)
FN:839,(anonymous_29)
FN:840,(anonymous_30)
FN:841,(anonymous_31)
FN:842,(anonymous_32)
FN:843,(anonymous_33)
FN:844,(anonymous_34)
FN:845,(anonymous_35)
FN:846,(anonymous_36)
FN:864,(anonymous_37)
FN:879,getScopedStats
FN:975,(anonymous_39)
FN:1021,(anonymous_40)
FN:1069,getModulesHealth
FNF:42
FNH:0
FNDA:0,getAllIntegrations
FNDA:0,approveIntegration
FNDA:0,suspendIntegration
FNDA:0,updateIntegration
FNDA:0,getAllSystemUsers
FNDA:0,adminCreateUser
FNDA:0,(anonymous_6)
FNDA:0,adminUpdateUser
FNDA:0,(anonymous_8)
FNDA:0,adminDeleteUser
FNDA:0,(anonymous_10)
FNDA:0,(anonymous_11)
FNDA:0,(anonymous_12)
FNDA:0,(anonymous_13)
FNDA:0,(anonymous_14)
FNDA:0,getIntegrationCustomers
FNDA:0,getSystemSettings
FNDA:0,updateSystemSetting
FNDA:0,getPartnerCommissionStats
FNDA:0,(anonymous_19)
FNDA:0,triggerKYC
FNDA:0,getTrustScore
FNDA:0,deleteIntegration
FNDA:0,(anonymous_23)
FNDA:0,(anonymous_24)
FNDA:0,(anonymous_25)
FNDA:0,(anonymous_26)
FNDA:0,(anonymous_27)
FNDA:0,(anonymous_28)
FNDA:0,(anonymous_29)
FNDA:0,(anonymous_30)
FNDA:0,(anonymous_31)
FNDA:0,(anonymous_32)
FNDA:0,(anonymous_33)
FNDA:0,(anonymous_34)
FNDA:0,(anonymous_35)
FNDA:0,(anonymous_36)
FNDA:0,(anonymous_37)
FNDA:0,getScopedStats
FNDA:0,(anonymous_39)
FNDA:0,(anonymous_40)
FNDA:0,getModulesHealth
DA:1,1
DA:2,1
DA:3,1
DA:4,1
DA:5,1
DA:9,0
DA:11,0
DA:38,0
DA:39,0
DA:42,0
DA:43,0
DA:44,0
DA:45,0
DA:46,0
DA:47,0
DA:48,0
DA:51,0
DA:62,0
DA:63,0
DA:68,0
DA:74,0
DA:75,0
DA:77,0
DA:78,0
DA:81,0
DA:89,0
DA:90,0
DA:93,0
DA:99,0
DA:105,0
DA:106,0
DA:108,0
DA:109,0
DA:112,0
DA:120,0
DA:121,0
DA:124,0
DA:130,0
DA:136,0
DA:158,0
DA:160,0
DA:161,0
DA:164,0
DA:165,0
DA:166,0
DA:169,0
DA:170,0
DA:171,0
DA:175,0
DA:176,0
DA:177,0
DA:179,0
DA:180,0
DA:181,0
DA:186,0
DA:199,0
DA:200,0
DA:201,0
DA:203,0
DA:204,0
DA:205,0
DA:212,0
DA:213,0
DA:217,0
DA:218,0
DA:219,0
DA:221,0
DA:229,0
DA:230,0
DA:234,0
DA:235,0
DA:236,0
DA:243,0
DA:249,0
DA:255,0
DA:256,0
DA:257,0
DA:258,0
DA:259,0
DA:261,0
DA:262,0
DA:263,0
DA:271,0
DA:272,0
DA:273,0
DA:274,0
DA:275,0
DA:276,0
DA:277,0
DA:278,0
DA:279,0
DA:282,0
DA:283,0
DA:290,0
DA:296,0
DA:302,0
DA:303,0
DA:304,0
DA:308,0
DA:310,0
DA:311,0
DA:314,0
DA:315,0
DA:316,0
DA:320,0
DA:321,0
DA:322,0
DA:323,0
DA:324,0
DA:326,0
DA:327,0
DA:328,0
DA:330,0
DA:331,0
DA:332,0
DA:334,0
DA:335,0
DA:336,0
DA:337,0
DA:339,0
DA:340,0
DA:341,0
DA:343,0
DA:344,0
DA:345,0
DA:346,0
DA:348,0
DA:349,0
DA:350,0
DA:352,0
DA:353,0
DA:354,0
DA:355,0
DA:357,0
DA:361,0
DA:362,0
DA:363,0
DA:367,0
DA:368,0
DA:369,0
DA:370,0
DA:381,0
DA:382,0
DA:386,0
DA:387,0
DA:388,0
DA:389,0
DA:390,0
DA:394,0
DA:395,0
DA:396,0
DA:419,0
DA:420,0
DA:421,0
DA:431,0
DA:435,0
DA:436,0
DA:437,0
DA:440,0
DA:446,0
DA:452,0
DA:453,0
DA:457,0
DA:459,0
DA:460,0
DA:463,0
DA:464,0
DA:465,0
DA:466,0
DA:467,0
DA:472,0
DA:473,0
DA:479,0
DA:480,0
DA:485,0
DA:486,0
DA:487,0
DA:493,0
DA:494,0
DA:498,0
DA:499,0
DA:500,0
DA:501,0
DA:503,0
DA:504,0
DA:505,0
DA:506,0
DA:508,0
DA:509,0
DA:510,0
DA:511,0
DA:514,0
DA:515,0
DA:516,0
DA:517,0
DA:519,0
DA:520,0
DA:521,0
DA:522,0
DA:525,0
DA:526,0
DA:527,0
DA:528,0
DA:531,0
DA:534,0
DA:535,0
DA:545,0
DA:546,0
DA:548,0
DA:549,0
DA:550,0
DA:552,0
DA:553,0
DA:554,0
DA:557,0
DA:565,0
DA:566,0
DA:569,0
DA:570,0
DA:571,0
DA:581,0
DA:584,0
DA:590,0
DA:596,0
DA:597,0
DA:598,0
DA:600,0
DA:601,0
DA:604,0
DA:605,0
DA:608,0
DA:609,0
DA:610,0
DA:611,0
DA:615,0
DA:617,0
DA:618,0
DA:621,0
DA:622,0
DA:624,0
DA:625,0
DA:626,0
DA:628,0
DA:629,0
DA:631,0
DA:632,0
DA:635,0
DA:638,0
DA:639,0
DA:640,0
DA:641,0
DA:642,0
DA:645,0
DA:648,0
DA:649,0
DA:650,0
DA:663,0
DA:664,0
DA:669,0
DA:670,0
DA:675,0
DA:676,0
DA:677,0
DA:679,0
DA:681,0
DA:686,0
DA:691,0
DA:692,0
DA:693,0
DA:694,0
DA:696,0
DA:701,0
DA:702,0
DA:703,0
DA:705,0
DA:710,0
DA:711,0
DA:714,0
DA:716,0
DA:721,0
DA:722,0
DA:724,0
DA:732,0
DA:734,0
DA:742,0
DA:747,0
DA:748,0
DA:749,0
DA:750,0
DA:751,0
DA:753,0
DA:754,0
DA:764,0
DA:769,0
DA:770,0
DA:771,0
DA:772,0
DA:775,0
DA:776,0
DA:778,0
DA:780,0
DA:786,0
DA:787,0
DA:789,0
DA:790,0
DA:793,0
DA:794,0
DA:795,0
DA:799,0
DA:800,0
DA:804,0
DA:805,0
DA:806,0
DA:809,0
DA:810,0
DA:811,0
DA:812,0
DA:814,0
DA:815,0
DA:818,0
DA:827,0
DA:830,0
DA:833,0
DA:850,0
DA:853,0
DA:854,0
DA:855,0
DA:867,0
DA:868,0
DA:873,0
DA:874,0
DA:880,0
DA:881,0
DA:882,0
DA:883,0
DA:886,0
DA:887,0
DA:888,0
DA:889,0
DA:890,0
DA:892,0
DA:893,0
DA:894,0
DA:895,0
DA:897,0
DA:902,0
DA:928,0
DA:930,0
DA:931,0
DA:938,0
DA:945,0
DA:957,0
DA:968,0
DA:969,0
DA:971,0
DA:975,0
DA:977,0
DA:984,0
DA:991,0
DA:1003,0
DA:1014,0
DA:1015,0
DA:1017,0
DA:1021,0
DA:1023,0
DA:1030,0
DA:1037,0
DA:1049,0
DA:1061,0
DA:1064,0
DA:1070,0
DA:1071,0
DA:1072,0
DA:1073,0
DA:1078,0
DA:1083,1
LF:376
LH:6
BRDA:38,0,0,0
BRDA:38,0,1,0
BRDA:43,1,0,0
BRDA:43,1,1,0
BRDA:45,2,0,0
BRDA:45,2,1,0
BRDA:47,3,0,0
BRDA:47,3,1,0
BRDA:68,4,0,0
BRDA:68,4,1,0
BRDA:77,5,0,0
BRDA:77,5,1,0
BRDA:82,6,0,0
BRDA:82,6,1,0
BRDA:89,7,0,0
BRDA:89,7,1,0
BRDA:95,8,0,0
BRDA:95,8,1,0
BRDA:99,9,0,0
BRDA:99,9,1,0
BRDA:108,10,0,0
BRDA:108,10,1,0
BRDA:113,11,0,0
BRDA:113,11,1,0
BRDA:120,12,0,0
BRDA:120,12,1,0
BRDA:126,13,0,0
BRDA:126,13,1,0
BRDA:130,14,0,0
BRDA:130,14,1,0
BRDA:160,15,0,0
BRDA:160,15,1,0
BRDA:165,16,0,0
BRDA:165,16,1,0
BRDA:169,17,0,0
BRDA:169,17,1,0
BRDA:170,18,0,0
BRDA:170,18,1,0
BRDA:170,19,0,0
BRDA:170,19,1,0
BRDA:170,19,2,0
BRDA:175,20,0,0
BRDA:175,20,1,0
BRDA:176,21,0,0
BRDA:176,21,1,0
BRDA:179,22,0,0
BRDA:179,22,1,0
BRDA:179,23,0,0
BRDA:179,23,1,0
BRDA:180,24,0,0
BRDA:180,24,1,0
BRDA:199,25,0,0
BRDA:199,25,1,0
BRDA:200,26,0,0
BRDA:200,26,1,0
BRDA:201,27,0,0
BRDA:201,27,1,0
BRDA:203,28,0,0
BRDA:203,28,1,0
BRDA:204,29,0,0
BRDA:204,29,1,0
BRDA:212,30,0,0
BRDA:212,30,1,0
BRDA:212,31,0,0
BRDA:212,31,1,0
BRDA:212,31,2,0
BRDA:217,32,0,0
BRDA:217,32,1,0
BRDA:217,33,0,0
BRDA:217,33,1,0
BRDA:218,34,0,0
BRDA:218,34,1,0
BRDA:218,35,0,0
BRDA:218,35,1,0
BRDA:219,36,0,0
BRDA:219,36,1,0
BRDA:219,37,0,0
BRDA:219,37,1,0
BRDA:229,38,0,0
BRDA:229,38,1,0
BRDA:234,39,0,0
BRDA:234,39,1,0
BRDA:235,40,0,0
BRDA:235,40,1,0
BRDA:235,41,0,0
BRDA:235,41,1,0
BRDA:249,42,0,0
BRDA:249,42,1,0
BRDA:256,43,0,0
BRDA:256,44,0,0
BRDA:256,45,0,0
BRDA:262,46,0,0
BRDA:262,46,1,0
BRDA:272,47,0,0
BRDA:272,47,1,0
BRDA:274,48,0,0
BRDA:274,48,1,0
BRDA:274,49,0,0
BRDA:274,49,1,0
BRDA:277,50,0,0
BRDA:277,50,1,0
BRDA:296,51,0,0
BRDA:296,51,1,0
BRDA:306,52,0,0
BRDA:310,53,0,0
BRDA:310,53,1,0
BRDA:310,54,0,0
BRDA:310,54,1,0
BRDA:315,55,0,0
BRDA:315,55,1,0
BRDA:321,56,0,0
BRDA:321,56,1,0
BRDA:322,57,0,0
BRDA:322,57,1,0
BRDA:323,58,0,0
BRDA:323,58,1,0
BRDA:326,59,0,0
BRDA:326,59,1,0
BRDA:326,60,0,0
BRDA:326,60,1,0
BRDA:327,61,0,0
BRDA:327,61,1,0
BRDA:330,62,0,0
BRDA:330,62,1,0
BRDA:331,63,0,0
BRDA:331,63,1,0
BRDA:334,64,0,0
BRDA:334,64,1,0
BRDA:336,65,0,0
BRDA:336,65,1,0
BRDA:336,66,0,0
BRDA:336,66,1,0
BRDA:339,67,0,0
BRDA:339,67,1,0
BRDA:340,68,0,0
BRDA:340,68,1,0
BRDA:343,69,0,0
BRDA:343,69,1,0
BRDA:345,70,0,0
BRDA:345,70,1,0
BRDA:345,71,0,0
BRDA:345,71,1,0
BRDA:348,72,0,0
BRDA:348,72,1,0
BRDA:349,73,0,0
BRDA:349,73,1,0
BRDA:362,74,0,0
BRDA:362,74,1,0
BRDA:381,75,0,0
BRDA:381,75,1,0
BRDA:386,76,0,0
BRDA:386,76,1,0
BRDA:389,77,0,0
BRDA:389,77,1,0
BRDA:394,78,0,0
BRDA:394,78,1,0
BRDA:395,79,0,0
BRDA:395,79,1,0
BRDA:403,80,0,0
BRDA:403,80,1,0
BRDA:411,81,0,0
BRDA:411,81,1,0
BRDA:416,82,0,0
BRDA:416,82,1,0
BRDA:419,83,0,0
BRDA:419,83,1,0
BRDA:423,84,0,0
BRDA:423,84,1,0
BRDA:435,85,0,0
BRDA:435,85,1,0
BRDA:446,86,0,0
BRDA:446,86,1,0
BRDA:459,87,0,0
BRDA:459,87,1,0
BRDA:464,88,0,0
BRDA:464,88,1,0
BRDA:466,89,0,0
BRDA:466,89,1,0
BRDA:472,90,0,0
BRDA:472,90,1,0
BRDA:479,91,0,0
BRDA:479,91,1,0
BRDA:485,92,0,0
BRDA:485,92,1,0
BRDA:493,93,0,0
BRDA:493,93,1,0
BRDA:498,94,0,0
BRDA:498,94,1,0
BRDA:498,95,0,0
BRDA:498,95,1,0
BRDA:499,96,0,0
BRDA:499,96,1,0
BRDA:500,97,0,0
BRDA:500,97,1,0
BRDA:500,98,0,0
BRDA:500,98,1,0
BRDA:503,99,0,0
BRDA:503,99,1,0
BRDA:504,100,0,0
BRDA:504,100,1,0
BRDA:505,101,0,0
BRDA:505,101,1,0
BRDA:505,102,0,0
BRDA:505,102,1,0
BRDA:508,103,0,0
BRDA:508,103,1,0
BRDA:510,104,0,0
BRDA:510,104,1,0
BRDA:510,105,0,0
BRDA:510,105,1,0
BRDA:514,106,0,0
BRDA:514,106,1,0
BRDA:515,107,0,0
BRDA:515,107,1,0
BRDA:516,108,0,0
BRDA:516,108,1,0
BRDA:516,109,0,0
BRDA:516,109,1,0
BRDA:519,110,0,0
BRDA:519,110,1,0
BRDA:521,111,0,0
BRDA:521,111,1,0
BRDA:521,112,0,0
BRDA:521,112,1,0
BRDA:525,113,0,0
BRDA:525,113,1,0
BRDA:526,114,0,0
BRDA:526,114,1,0
BRDA:527,115,0,0
BRDA:527,115,1,0
BRDA:527,116,0,0
BRDA:527,116,1,0
BRDA:534,117,0,0
BRDA:534,117,1,0
BRDA:541,118,0,0
BRDA:541,118,1,0
BRDA:542,119,0,0
BRDA:542,119,1,0
BRDA:543,120,0,0
BRDA:543,120,1,0
BRDA:545,121,0,0
BRDA:545,121,1,0
BRDA:548,122,0,0
BRDA:548,122,1,0
BRDA:552,123,0,0
BRDA:552,123,1,0
BRDA:552,124,0,0
BRDA:552,124,1,0
BRDA:565,125,0,0
BRDA:565,125,1,0
BRDA:569,126,0,0
BRDA:569,126,1,0
BRDA:569,127,0,0
BRDA:569,127,1,0
BRDA:573,128,0,0
BRDA:573,128,1,0
BRDA:590,129,0,0
BRDA:590,129,1,0
BRDA:600,130,0,0
BRDA:600,130,1,0
BRDA:609,131,0,0
BRDA:609,131,1,0
BRDA:615,132,0,0
BRDA:615,132,1,0
BRDA:615,133,0,0
BRDA:615,133,1,0
BRDA:617,134,0,0
BRDA:617,134,1,0
BRDA:621,135,0,0
BRDA:621,135,1,0
BRDA:624,136,0,0
BRDA:624,136,1,0
BRDA:625,137,0,0
BRDA:625,137,1,0
BRDA:628,138,0,0
BRDA:628,138,1,0
BRDA:631,139,0,0
BRDA:631,139,1,0
BRDA:639,140,0,0
BRDA:639,140,1,0
BRDA:640,141,0,0
BRDA:640,141,1,0
BRDA:641,142,0,0
BRDA:641,142,1,0
BRDA:642,143,0,0
BRDA:642,143,1,0
BRDA:648,144,0,0
BRDA:648,144,1,0
BRDA:652,145,0,0
BRDA:652,145,1,0
BRDA:670,146,0,0
BRDA:670,146,1,0
BRDA:686,147,0,0
BRDA:686,147,1,0
BRDA:696,148,0,0
BRDA:696,148,1,0
BRDA:710,149,0,0
BRDA:710,149,1,0
BRDA:711,150,0,0
BRDA:711,150,1,0
BRDA:716,151,0,0
BRDA:716,151,1,0
BRDA:732,152,0,0
BRDA:732,152,1,0
BRDA:742,153,0,0
BRDA:742,153,1,0
BRDA:750,154,0,0
BRDA:750,154,1,0
BRDA:764,155,0,0
BRDA:764,155,1,0
BRDA:775,156,0,0
BRDA:775,156,1,0
BRDA:780,157,0,0
BRDA:780,157,1,0
BRDA:789,158,0,0
BRDA:789,158,1,0
BRDA:794,159,0,0
BRDA:794,159,1,0
BRDA:799,160,0,0
BRDA:799,160,1,0
BRDA:799,161,0,0
BRDA:799,161,1,0
BRDA:805,162,0,0
BRDA:805,162,1,0
BRDA:809,163,0,0
BRDA:809,163,1,0
BRDA:809,164,0,0
BRDA:809,164,1,0
BRDA:811,165,0,0
BRDA:811,165,1,0
BRDA:814,166,0,0
BRDA:814,166,1,0
BRDA:834,167,0,0
BRDA:834,167,1,0
BRDA:835,168,0,0
BRDA:835,168,1,0
BRDA:836,169,0,0
BRDA:836,169,1,0
BRDA:837,170,0,0
BRDA:837,170,1,0
BRDA:838,171,0,0
BRDA:838,171,1,0
BRDA:839,172,0,0
BRDA:839,172,1,0
BRDA:840,173,0,0
BRDA:840,173,1,0
BRDA:841,174,0,0
BRDA:841,174,1,0
BRDA:842,175,0,0
BRDA:842,175,1,0
BRDA:843,176,0,0
BRDA:843,176,1,0
BRDA:844,177,0,0
BRDA:844,177,1,0
BRDA:845,178,0,0
BRDA:845,178,1,0
BRDA:846,179,0,0
BRDA:846,179,1,0
BRDA:853,180,0,0
BRDA:853,180,1,0
BRDA:853,181,0,0
BRDA:853,181,1,0
BRDA:874,182,0,0
BRDA:874,182,1,0
BRDA:882,183,0,0
BRDA:882,183,1,0
BRDA:887,184,0,0
BRDA:887,184,1,0
BRDA:887,185,0,0
BRDA:887,185,1,0
BRDA:889,186,0,0
BRDA:889,186,1,0
BRDA:892,187,0,0
BRDA:892,187,1,0
BRDA:894,188,0,0
BRDA:894,188,1,0
BRDA:930,189,0,0
BRDA:930,189,1,0
BRDA:930,190,0,0
BRDA:930,190,1,0
BRDA:968,191,0,0
BRDA:968,191,1,0
BRDA:968,192,0,0
BRDA:968,192,1,0
BRDA:980,193,0,0
BRDA:980,193,1,0
BRDA:981,194,0,0
BRDA:981,194,1,0
BRDA:1014,195,0,0
BRDA:1014,195,1,0
BRDA:1026,196,0,0
BRDA:1026,196,1,0
BRDA:1027,197,0,0
BRDA:1027,197,1,0
BRDA:1064,198,0,0
BRDA:1064,198,1,0
BRDA:1078,199,0,0
BRDA:1078,199,1,0
BRF:398
BRH:0
end_of_record
TN:
SF:Controllers/AdminStaff.controller.js
FN:3,(anonymous_0)
FN:76,(anonymous_1)
FN:102,(anonymous_2)
FN:133,(anonymous_3)
FN:149,(anonymous_4)
FN:175,(anonymous_5)
FNF:6
FNH:0
FNDA:0,(anonymous_0)
FNDA:0,(anonymous_1)
FNDA:0,(anonymous_2)
FNDA:0,(anonymous_3)
FNDA:0,(anonymous_4)
FNDA:0,(anonymous_5)
DA:1,1
DA:3,1
DA:4,0
DA:5,0
DA:7,0
DA:9,0
DA:11,0
DA:12,0
DA:15,0
DA:16,0
DA:17,0
DA:20,0
DA:21,0
DA:36,0
DA:42,0
DA:43,0
DA:45,0
DA:46,0
DA:49,0
DA:59,0
DA:66,0
DA:72,0
DA:76,1
DA:77,0
DA:78,0
DA:80,0
DA:81,0
DA:88,0
DA:90,0
DA:91,0
DA:95,0
DA:98,0
DA:102,1
DA:103,0
DA:104,0
DA:105,0
DA:107,0
DA:108,0
DA:109,0
DA:111,0
DA:112,0
DA:113,0
DA:114,0
DA:116,0
DA:119,0
DA:126,0
DA:129,0
DA:133,1
DA:134,0
DA:135,0
DA:136,0
DA:138,0
DA:143,0
DA:145,0
DA:149,1
DA:150,0
DA:151,0
DA:152,0
DA:154,0
DA:155,0
DA:156,0
DA:159,0
DA:160,0
DA:162,0
DA:169,0
DA:171,0
DA:175,1
DA:176,0
DA:177,0
DA:178,0
DA:179,0
DA:181,0
DA:182,0
DA:183,0
DA:186,0
DA:187,0
DA:189,0
DA:196,0
DA:198,0
DA:202,1
LF:80
LH:8
BRDA:5,0,0,0
BRDA:5,0,1,0
BRDA:7,1,0,0
BRDA:7,1,1,0
BRDA:11,2,0,0
BRDA:11,2,1,0
BRDA:16,3,0,0
BRDA:16,3,1,0
BRDA:30,4,0,0
BRDA:30,4,1,0
BRDA:31,5,0,0
BRDA:31,5,1,0
BRDA:32,6,0,0
BRDA:32,6,1,0
BRDA:45,7,0,0
BRDA:45,7,1,0
BRDA:54,8,0,0
BRDA:54,8,1,0
BRDA:78,9,0,0
BRDA:78,9,1,0
BRDA:80,10,0,0
BRDA:80,10,1,0
BRDA:105,11,0,0
BRDA:105,11,1,0
BRDA:107,12,0,0
BRDA:107,12,1,0
BRDA:113,13,0,0
BRDA:113,13,1,0
BRDA:155,14,0,0
BRDA:155,14,1,0
BRDA:182,15,0,0
BRDA:182,15,1,0
BRDA:186,16,0,0
BRDA:186,16,1,0
BRF:34
BRH:0
end_of_record
TN:
SF:Controllers/Advertisement.controller.js
FN:8,(anonymous_0)
FN:10,(anonymous_1)
FN:17,(anonymous_2)
FN:24,(anonymous_3)
FN:68,(anonymous_4)
FN:94,(anonymous_5)
FN:119,(anonymous_6)
FN:152,(anonymous_7)
FN:177,(anonymous_8)
FN:202,(anonymous_9)
FN:214,(anonymous_10)
FN:240,(anonymous_11)
FNF:12
FNH:0
FNDA:0,(anonymous_0)
FNDA:0,(anonymous_1)
FNDA:0,(anonymous_2)
FNDA:0,(anonymous_3)
FNDA:0,(anonymous_4)
FNDA:0,(anonymous_5)
FNDA:0,(anonymous_6)
FNDA:0,(anonymous_7)
FNDA:0,(anonymous_8)
FNDA:0,(anonymous_9)
FNDA:0,(anonymous_10)
FNDA:0,(anonymous_11)
DA:1,1
DA:2,1
DA:3,1
DA:4,1
DA:8,1
DA:9,0
DA:10,0
DA:17,1
DA:18,0
DA:19,0
DA:20,0
DA:21,0
DA:24,1
DA:25,0
DA:26,0
DA:27,0
DA:29,0
DA:31,0
DA:33,0
DA:41,0
DA:49,0
DA:51,0
DA:52,0
DA:61,0
DA:68,1
DA:70,0
DA:72,0
DA:74,0
DA:76,0
DA:78,0
DA:86,0
DA:88,0
DA:94,1
DA:95,0
DA:96,0
DA:98,0
DA:100,0
DA:102,0
DA:110,0
DA:112,0
DA:119,1
DA:120,0
DA:121,0
DA:122,0
DA:124,0
DA:126,0
DA:127,0
DA:130,0
DA:137,0
DA:145,0
DA:146,0
DA:152,1
DA:153,0
DA:154,0
DA:156,0
DA:158,0
DA:160,0
DA:168,0
DA:169,0
DA:177,1
DA:178,0
DA:179,0
DA:181,0
DA:184,0
DA:187,0
DA:189,0
DA:191,0
DA:194,0
DA:196,0
DA:197,0
DA:202,0
DA:206,0
DA:214,1
DA:215,0
DA:216,0
DA:217,0
DA:218,0
DA:220,0
DA:222,0
DA:223,0
DA:224,0
DA:225,0
DA:226,0
DA:229,0
DA:230,0
DA:231,0
DA:232,0
DA:233,0
DA:237,0
DA:240,0
DA:241,0
DA:242,0
DA:248,0
DA:250,0
DA:251,0
DA:259,1
LF:96
LH:14
BRDA:9,0,0,0
BRDA:9,0,1,0
BRDA:9,1,0,0
BRDA:9,1,1,0
BRDA:17,2,0,0
BRDA:17,3,0,0
BRDA:19,4,0,0
BRDA:19,4,1,0
BRDA:20,5,0,0
BRDA:20,5,1,0
BRDA:51,6,0,0
BRDA:51,6,1,0
BRDA:74,7,0,0
BRDA:74,8,0,0
BRDA:126,9,0,0
BRDA:126,9,1,0
BRDA:187,10,0,0
BRDA:187,10,1,0
BRDA:196,11,0,0
BRDA:196,11,1,0
BRDA:217,12,0,0
BRDA:217,12,1,0
BRDA:218,13,0,0
BRDA:218,13,1,0
BRDA:222,14,0,0
BRDA:222,14,1,0
BRDA:222,15,0,0
BRDA:222,15,1,0
BRDA:223,16,0,0
BRDA:223,16,1,0
BRDA:223,17,0,0
BRDA:223,17,1,0
BRDA:223,17,2,0
BRDA:223,17,3,0
BRDA:229,18,0,0
BRDA:229,18,1,0
BRDA:232,19,0,0
BRDA:232,19,1,0
BRDA:241,20,0,0
BRDA:241,20,1,0
BRF:40
BRH:0
end_of_record
TN:
SF:Controllers/Billing.controller.js
FN:16,(anonymous_0)
FN:22,(anonymous_1)
FN:29,(anonymous_2)
FN:39,(anonymous_3)
FN:54,(anonymous_4)
FN:66,(anonymous_5)
FN:76,(anonymous_6)
FN:98,(anonymous_7)
FN:115,(anonymous_8)
FN:128,(anonymous_9)
FN:158,(anonymous_10)
FN:170,(anonymous_11)
FN:178,(anonymous_12)
FN:187,(anonymous_13)
FN:233,(anonymous_14)
FN:244,(anonymous_15)
FN:260,(anonymous_16)
FN:286,(anonymous_17)
FN:347,(anonymous_18)
FNF:19
FNH:0
FNDA:0,(anonymous_0)
FNDA:0,(anonymous_1)
FNDA:0,(anonymous_2)
FNDA:0,(anonymous_3)
FNDA:0,(anonymous_4)
FNDA:0,(anonymous_5)
FNDA:0,(anonymous_6)
FNDA:0,(anonymous_7)
FNDA:0,(anonymous_8)
FNDA:0,(anonymous_9)
FNDA:0,(anonymous_10)
FNDA:0,(anonymous_11)
FNDA:0,(anonymous_12)
FNDA:0,(anonymous_13)
FNDA:0,(anonymous_14)
FNDA:0,(anonymous_15)
FNDA:0,(anonymous_16)
FNDA:0,(anonymous_17)
FNDA:0,(anonymous_18)
DA:1,1
DA:2,1
DA:3,1
DA:4,1
DA:5,1
DA:6,1
DA:7,1
DA:8,1
DA:9,1
DA:11,1
DA:16,1
DA:17,0
DA:18,0
DA:22,1
DA:23,0
DA:24,0
DA:25,0
DA:26,0
DA:29,1
DA:30,0
DA:31,0
DA:32,0
DA:33,0
DA:34,0
DA:35,0
DA:36,0
DA:39,1
DA:40,0
DA:41,0
DA:42,0
DA:43,0
DA:44,0
DA:45,0
DA:46,0
DA:47,0
DA:48,0
DA:49,0
DA:50,0
DA:51,0
DA:54,1
DA:55,0
DA:56,0
DA:57,0
DA:58,0
DA:59,0
DA:60,0
DA:61,0
DA:62,0
DA:66,1
DA:67,0
DA:68,0
DA:75,0
DA:76,0
DA:77,0
DA:80,0
DA:94,0
DA:95,0
DA:98,1
DA:99,0
DA:100,0
DA:101,0
DA:102,0
DA:103,0
DA:104,0
DA:105,0
DA:106,0
DA:107,0
DA:108,0
DA:109,0
DA:110,0
DA:111,0
DA:112,0
DA:115,1
DA:116,0
DA:117,0
DA:118,0
DA:119,0
DA:120,0
DA:121,0
DA:122,0
DA:123,0
DA:124,0
DA:128,1
DA:129,0
DA:130,0
DA:131,0
DA:132,0
DA:137,0
DA:138,0
DA:139,0
DA:141,0
DA:154,0
DA:158,1
DA:159,0
DA:160,0
DA:161,0
DA:162,0
DA:163,0
DA:164,0
DA:165,0
DA:166,0
DA:167,0
DA:170,1
DA:171,0
DA:172,0
DA:173,0
DA:174,0
DA:178,1
DA:179,0
DA:180,0
DA:181,0
DA:182,0
DA:183,0
DA:184,0
DA:187,1
DA:188,0
DA:189,0
DA:190,0
DA:191,0
DA:192,0
DA:193,0
DA:195,0
DA:196,0
DA:198,0
DA:199,0
DA:200,0
DA:201,0
DA:202,0
DA:203,0
DA:207,0
DA:208,0
DA:209,0
DA:214,0
DA:215,0
DA:216,0
DA:217,0
DA:218,0
DA:219,0
DA:223,0
DA:224,0
DA:228,0
DA:229,0
DA:233,1
DA:234,0
DA:235,0
DA:239,0
DA:240,0
DA:244,1
DA:245,0
DA:246,0
DA:247,0
DA:248,0
DA:249,0
DA:250,0
DA:256,0
DA:257,0
DA:260,1
DA:261,0
DA:262,0
DA:263,0
DA:264,0
DA:265,0
DA:267,0
DA:268,0
DA:269,0
DA:271,0
DA:272,0
DA:273,0
DA:274,0
DA:275,0
DA:277,0
DA:282,0
DA:283,0
DA:286,1
DA:287,0
DA:288,0
DA:289,0
DA:290,0
DA:291,0
DA:292,0
DA:294,0
DA:295,0
DA:306,0
DA:307,0
DA:308,0
DA:309,0
DA:317,0
DA:321,0
DA:322,0
DA:324,0
DA:325,0
DA:332,0
DA:342,0
DA:343,0
DA:347,1
DA:348,0
DA:349,0
DA:350,0
DA:351,0
DA:353,0
DA:354,0
DA:358,0
DA:359,0
DA:360,0
DA:361,0
DA:366,0
DA:367,0
DA:371,0
DA:372,0
DA:374,0
DA:375,0
DA:376,0
DA:377,0
DA:378,0
DA:379,0
DA:383,0
DA:384,0
DA:385,0
DA:390,0
DA:391,0
DA:392,0
DA:393,0
DA:394,0
DA:395,0
DA:399,0
DA:400,0
DA:406,0
DA:408,0
DA:409,0
DA:413,1
LF:230
LH:29
BRDA:12,0,0,1
BRDA:12,0,1,0
BRDA:13,1,0,1
BRDA:13,1,1,0
BRDA:18,2,0,0
BRDA:18,2,1,0
BRDA:32,3,0,0
BRDA:32,3,1,0
BRDA:32,4,0,0
BRDA:32,4,1,0
BRDA:32,4,2,0
BRDA:44,5,0,0
BRDA:44,5,1,0
BRDA:45,6,0,0
BRDA:45,6,1,0
BRDA:46,7,0,0
BRDA:46,7,1,0
BRDA:47,8,0,0
BRDA:47,8,1,0
BRDA:48,9,0,0
BRDA:48,9,1,0
BRDA:58,10,0,0
BRDA:58,10,1,0
BRDA:77,11,0,0
BRDA:77,11,1,0
BRDA:83,12,0,0
BRDA:83,12,1,0
BRDA:84,13,0,0
BRDA:84,13,1,0
BRDA:85,14,0,0
BRDA:85,14,1,0
BRDA:86,15,0,0
BRDA:86,15,1,0
BRDA:101,16,0,0
BRDA:101,16,1,0
BRDA:101,17,0,0
BRDA:101,17,1,0
BRDA:104,18,0,0
BRDA:104,18,1,0
BRDA:104,19,0,0
BRDA:104,19,1,0
BRDA:119,20,0,0
BRDA:119,20,1,0
BRDA:131,21,0,0
BRDA:131,21,1,0
BRDA:137,22,0,0
BRDA:137,22,1,0
BRDA:139,23,0,0
BRDA:139,23,1,0
BRDA:161,24,0,0
BRDA:161,24,1,0
BRDA:161,25,0,0
BRDA:161,25,1,0
BRDA:164,26,0,0
BRDA:164,26,1,0
BRDA:181,27,0,0
BRDA:181,27,1,0
BRDA:190,28,0,0
BRDA:190,28,1,0
BRDA:192,29,0,0
BRDA:192,29,1,0
BRDA:192,30,0,0
BRDA:192,30,1,0
BRDA:198,31,0,0
BRDA:198,31,1,0
BRDA:202,32,0,0
BRDA:202,32,1,0
BRDA:208,33,0,0
BRDA:208,33,1,0
BRDA:214,34,0,0
BRDA:214,34,1,0
BRDA:214,35,0,0
BRDA:214,35,1,0
BRDA:248,36,0,0
BRDA:248,36,1,0
BRDA:249,37,0,0
BRDA:249,37,1,0
BRDA:263,38,0,0
BRDA:263,38,1,0
BRDA:265,39,0,0
BRDA:265,39,1,0
BRDA:268,40,0,0
BRDA:268,40,1,0
BRDA:268,41,0,0
BRDA:268,41,1,0
BRDA:289,42,0,0
BRDA:289,42,1,0
BRDA:291,43,0,0
BRDA:291,43,1,0
BRDA:291,44,0,0
BRDA:291,44,1,0
BRDA:306,45,0,0
BRDA:306,45,1,0
BRDA:308,46,0,0
BRDA:308,46,1,0
BRDA:324,47,0,0
BRDA:324,47,1,0
BRDA:350,48,0,0
BRDA:350,48,1,0
BRDA:353,49,0,0
BRDA:353,49,1,0
BRDA:353,50,0,0
BRDA:353,50,1,0
BRDA:353,50,2,0
BRDA:353,50,3,0
BRDA:353,50,4,0
BRDA:358,51,0,0
BRDA:358,51,1,0
BRDA:360,52,0,0
BRDA:360,52,1,0
BRDA:366,53,0,0
BRDA:366,53,1,0
BRDA:374,54,0,0
BRDA:374,54,1,0
BRDA:378,55,0,0
BRDA:378,55,1,0
BRDA:384,56,0,0
BRDA:384,56,1,0
BRDA:390,57,0,0
BRDA:390,57,1,0
BRDA:390,58,0,0
BRDA:390,58,1,0
BRF:122
BRH:2
end_of_record
TN:
SF:Controllers/BlockedIntegration.controller.js
FN:12,createBlockedIntegration
FN:31,getBlockedIntegration
FN:52,removeBlockedIntegration
FN:66,getBlockedIntegrationsForUser
FNF:4
FNH:0
FNDA:0,createBlockedIntegration
FNDA:0,getBlockedIntegration
FNDA:0,removeBlockedIntegration
FNDA:0,getBlockedIntegrationsForUser
DA:1,1
DA:7,1
DA:8,1
DA:9,1
DA:10,1
DA:13,0
DA:14,0
DA:15,0
DA:16,0
DA:18,0
DA:19,0
DA:20,0
DA:21,0
DA:26,0
DA:27,0
DA:32,0
DA:33,0
DA:34,0
DA:35,0
DA:36,0
DA:40,0
DA:42,0
DA:47,0
DA:48,0
DA:53,0
DA:54,0
DA:55,0
DA:56,0
DA:61,0
DA:62,0
DA:67,0
DA:68,0
DA:69,0
DA:70,0
DA:71,0
DA:76,0
DA:77,0
DA:78,0
DA:79,0
DA:83,1
LF:40
LH:6
BRDA:14,0,0,0
BRDA:14,0,1,0
BRDA:27,1,0,0
BRDA:27,1,1,0
BRDA:27,2,0,0
BRDA:27,2,1,0
BRDA:35,3,0,0
BRDA:35,3,1,0
BRDA:48,4,0,0
BRDA:48,4,1,0
BRDA:48,5,0,0
BRDA:48,5,1,0
BRDA:62,6,0,0
BRDA:62,6,1,0
BRDA:62,7,0,0
BRDA:62,7,1,0
BRDA:79,8,0,0
BRDA:79,8,1,0
BRDA:79,9,0,0
BRDA:79,9,1,0
BRF:20
BRH:0
end_of_record
TN:
SF:Controllers/Campaign.controller.js
FN:18,getDashboardData
FN:63,(anonymous_1)
FN:68,(anonymous_2)
FN:95,getAllCampaignsController
FN:112,deleteCampaignController
FN:128,cancelCampaignController
FN:144,approveTemplateController
FN:165,(anonymous_7)
FN:197,(anonymous_8)
FN:274,(anonymous_9)
FN:279,(anonymous_10)
FN:288,(anonymous_11)
FN:313,(anonymous_12)
FN:327,(anonymous_13)
FN:338,(anonymous_14)
FN:402,(anonymous_15)
FN:430,(anonymous_16)
FN:444,(anonymous_17)
FN:454,(anonymous_18)
FN:510,(anonymous_19)
FN:536,(anonymous_20)
FNF:21
FNH:0
FNDA:0,getDashboardData
FNDA:0,(anonymous_1)
FNDA:0,(anonymous_2)
FNDA:0,getAllCampaignsController
FNDA:0,deleteCampaignController
FNDA:0,cancelCampaignController
FNDA:0,approveTemplateController
FNDA:0,(anonymous_7)
FNDA:0,(anonymous_8)
FNDA:0,(anonymous_9)
FNDA:0,(anonymous_10)
FNDA:0,(anonymous_11)
FNDA:0,(anonymous_12)
FNDA:0,(anonymous_13)
FNDA:0,(anonymous_14)
FNDA:0,(anonymous_15)
FNDA:0,(anonymous_16)
FNDA:0,(anonymous_17)
FNDA:0,(anonymous_18)
FNDA:0,(anonymous_19)
FNDA:0,(anonymous_20)
DA:1,1
DA:2,1
DA:3,1
DA:4,1
DA:5,1
DA:6,1
DA:7,1
DA:8,1
DA:9,1
DA:11,1
DA:19,0
DA:20,0
DA:21,0
DA:23,0
DA:24,0
DA:27,0
DA:28,0
DA:31,0
DA:32,0
DA:34,0
DA:38,0
DA:41,0
DA:42,0
DA:44,0
DA:48,0
DA:51,0
DA:52,0
DA:53,0
DA:55,0
DA:60,0
DA:61,0
DA:63,0
DA:64,0
DA:65,0
DA:68,0
DA:69,0
DA:72,0
DA:73,0
DA:75,0
DA:77,0
DA:80,0
DA:90,0
DA:91,0
DA:96,0
DA:97,0
DA:98,0
DA:99,0
DA:100,0
DA:106,0
DA:107,0
DA:108,0
DA:113,0
DA:114,0
DA:115,0
DA:116,0
DA:117,0
DA:122,0
DA:123,0
DA:124,0
DA:129,0
DA:130,0
DA:131,0
DA:132,0
DA:137,0
DA:138,0
DA:139,0
DA:145,0
DA:146,0
DA:147,0
DA:148,0
DA:153,0
DA:154,0
DA:155,0
DA:165,1
DA:166,0
DA:167,0
DA:168,0
DA:173,0
DA:174,0
DA:175,0
DA:181,0
DA:192,0
DA:197,0
DA:198,0
DA:200,0
DA:201,0
DA:204,0
DA:207,0
DA:210,0
DA:211,0
DA:220,0
DA:238,0
DA:239,0
DA:240,0
DA:242,0
DA:245,0
DA:247,0
DA:250,0
DA:255,0
DA:256,0
DA:258,0
DA:274,1
DA:275,0
DA:276,0
DA:278,0
DA:279,0
DA:283,0
DA:288,1
DA:289,0
DA:290,0
DA:291,0
DA:292,0
DA:295,0
DA:306,0
DA:309,0
DA:312,0
DA:313,0
DA:316,0
DA:317,0
DA:327,0
DA:332,0
DA:333,0
DA:334,0
DA:338,0
DA:339,0
DA:340,0
DA:341,0
DA:349,0
DA:350,0
DA:351,0
DA:363,0
DA:383,0
DA:385,0
DA:390,0
DA:402,1
DA:403,0
DA:404,0
DA:405,0
DA:406,0
DA:409,0
DA:410,0
DA:421,0
DA:423,0
DA:426,0
DA:429,0
DA:430,0
DA:433,0
DA:434,0
DA:444,0
DA:447,0
DA:448,0
DA:449,0
DA:450,0
DA:454,0
DA:455,0
DA:456,0
DA:463,0
DA:464,0
DA:473,0
DA:484,0
DA:485,0
DA:492,0
DA:494,0
DA:499,0
DA:510,1
DA:511,0
DA:512,0
DA:513,0
DA:515,0
DA:517,0
DA:522,0
DA:523,0
DA:525,0
DA:536,1
DA:537,0
DA:541,0
DA:543,0
DA:551,0
DA:553,0
DA:559,0
DA:560,0
DA:562,0
DA:576,1
LF:183
LH:17
BRDA:23,0,0,0
BRDA:23,0,1,0
BRDA:28,1,0,0
BRDA:28,1,1,0
BRDA:28,1,2,0
BRDA:32,2,0,0
BRDA:32,2,1,0
BRDA:38,3,0,0
BRDA:38,3,1,0
BRDA:42,4,0,0
BRDA:42,4,1,0
BRDA:48,5,0,0
BRDA:48,5,1,0
BRDA:53,6,0,0
BRDA:53,6,1,0
BRDA:65,7,0,0
BRDA:65,7,1,0
BRDA:75,8,0,0
BRDA:75,8,1,0
BRDA:97,9,0,0
BRDA:97,10,0,0
BRDA:97,11,0,0
BRDA:108,12,0,0
BRDA:108,12,1,0
BRDA:108,13,0,0
BRDA:108,13,1,0
BRDA:124,14,0,0
BRDA:124,14,1,0
BRDA:124,15,0,0
BRDA:124,15,1,0
BRDA:139,16,0,0
BRDA:139,16,1,0
BRDA:139,17,0,0
BRDA:139,17,1,0
BRDA:155,18,0,0
BRDA:155,18,1,0
BRDA:155,19,0,0
BRDA:155,19,1,0
BRDA:173,20,0,0
BRDA:173,20,1,0
BRDA:188,21,0,0
BRDA:191,22,0,0
BRDA:198,23,0,0
BRDA:198,23,1,0
BRDA:201,24,0,0
BRDA:201,24,1,0
BRDA:210,25,0,0
BRDA:210,25,1,0
BRDA:210,26,0,0
BRDA:210,26,1,0
BRDA:228,27,0,0
BRDA:228,27,1,0
BRDA:230,28,0,0
BRDA:230,28,1,0
BRDA:238,29,0,0
BRDA:238,29,1,0
BRDA:245,30,0,0
BRDA:245,30,1,0
BRDA:245,31,0,0
BRDA:245,31,1,0
BRDA:260,32,0,0
BRDA:260,32,1,0
BRDA:261,33,0,0
BRDA:261,33,1,0
BRDA:274,34,0,0
BRDA:291,35,0,0
BRDA:291,35,1,0
BRDA:302,36,0,0
BRDA:316,37,0,0
BRDA:316,37,1,0
BRDA:332,38,0,0
BRDA:332,38,1,0
BRDA:332,39,0,0
BRDA:332,39,1,0
BRDA:332,39,2,0
BRDA:339,40,0,0
BRDA:339,40,1,0
BRDA:340,41,0,0
BRDA:340,41,1,0
BRDA:349,42,0,0
BRDA:349,42,1,0
BRDA:350,43,0,0
BRDA:350,43,1,0
BRDA:372,44,0,0
BRDA:372,44,1,0
BRDA:392,45,0,0
BRDA:392,45,1,0
BRDA:393,46,0,0
BRDA:393,46,1,0
BRDA:405,47,0,0
BRDA:405,47,1,0
BRDA:417,48,0,0
BRDA:433,49,0,0
BRDA:433,49,1,0
BRDA:447,50,0,0
BRDA:447,50,1,0
BRDA:447,51,0,0
BRDA:447,51,1,0
BRDA:447,51,2,0
BRDA:455,52,0,0
BRDA:455,52,1,0
BRDA:455,53,0,0
BRDA:455,53,1,0
BRDA:463,54,0,0
BRDA:463,54,1,0
BRDA:463,55,0,0
BRDA:463,55,1,0
BRDA:484,56,0,0
BRDA:484,56,1,0
BRDA:501,57,0,0
BRDA:501,57,1,0
BRDA:502,58,0,0
BRDA:502,58,1,0
BRDA:527,59,0,0
BRDA:527,59,1,0
BRDA:528,60,0,0
BRDA:528,60,1,0
BRDA:539,61,0,0
BRDA:539,62,0,0
BRDA:539,63,0,0
BRDA:564,64,0,0
BRDA:564,64,1,0
BRDA:565,65,0,0
BRDA:565,65,1,0
BRF:124
BRH:0
end_of_record
TN:
SF:Controllers/Cart.controller.js
FN:22,(anonymous_0)
FN:24,(anonymous_1)
FN:31,(anonymous_2)
FN:41,(anonymous_3)
FN:83,(anonymous_4)
FN:102,(anonymous_5)
FN:126,(anonymous_6)
FN:152,(anonymous_7)
FN:169,(anonymous_8)
FN:192,(anonymous_9)
FN:208,(anonymous_10)
FN:225,(anonymous_11)
FN:258,(anonymous_12)
FN:290,(anonymous_13)
FNF:14
FNH:0
FNDA:0,(anonymous_0)
FNDA:0,(anonymous_1)
FNDA:0,(anonymous_2)
FNDA:0,(anonymous_3)
FNDA:0,(anonymous_4)
FNDA:0,(anonymous_5)
FNDA:0,(anonymous_6)
FNDA:0,(anonymous_7)
FNDA:0,(anonymous_8)
FNDA:0,(anonymous_9)
FNDA:0,(anonymous_10)
FNDA:0,(anonymous_11)
FNDA:0,(anonymous_12)
FNDA:0,(anonymous_13)
DA:14,1
DA:18,1
DA:20,1
DA:22,1
DA:23,0
DA:24,0
DA:31,1
DA:32,0
DA:33,0
DA:34,0
DA:35,0
DA:41,1
DA:42,0
DA:43,0
DA:53,0
DA:56,0
DA:58,0
DA:69,0
DA:71,0
DA:73,0
DA:74,0
DA:77,0
DA:83,1
DA:84,0
DA:85,0
DA:88,0
DA:90,0
DA:92,0
DA:94,0
DA:96,0
DA:97,0
DA:102,1
DA:103,0
DA:104,0
DA:105,0
DA:108,0
DA:110,0
DA:118,0
DA:120,0
DA:121,0
DA:126,1
DA:127,0
DA:128,0
DA:129,0
DA:130,0
DA:133,0
DA:141,0
DA:143,0
DA:144,0
DA:152,1
DA:153,0
DA:154,0
DA:157,0
DA:159,0
DA:161,0
DA:163,0
DA:164,0
DA:169,1
DA:170,0
DA:171,0
DA:173,0
DA:175,0
DA:182,0
DA:184,0
DA:185,0
DA:192,1
DA:193,0
DA:194,0
DA:196,0
DA:198,0
DA:200,0
DA:201,0
DA:208,1
DA:209,0
DA:210,0
DA:212,0
DA:214,0
DA:216,0
DA:217,0
DA:225,1
DA:226,0
DA:232,0
DA:234,0
DA:236,0
DA:244,0
DA:246,0
DA:248,0
DA:249,0
DA:252,0
DA:258,1
DA:259,0
DA:265,0
DA:267,0
DA:269,0
DA:277,0
DA:279,0
DA:281,0
DA:282,0
DA:285,0
DA:290,1
DA:291,0
DA:292,0
DA:293,0
DA:295,0
DA:303,0
DA:305,0
DA:307,0
DA:308,0
DA:311,0
DA:318,1
LF:110
LH:17
BRDA:23,0,0,0
BRDA:23,0,1,0
BRDA:23,1,0,0
BRDA:23,1,1,0
BRDA:31,2,0,0
BRDA:31,3,0,0
BRDA:33,4,0,0
BRDA:33,4,1,0
BRDA:34,5,0,0
BRDA:34,5,1,0
BRDA:73,6,0,0
BRDA:73,6,1,0
BRDA:229,7,0,0
BRDA:239,8,0,0
BRDA:239,8,1,0
BRDA:248,9,0,0
BRDA:248,9,1,0
BRDA:281,10,0,0
BRDA:281,10,1,0
BRDA:307,11,0,0
BRDA:307,11,1,0
BRF:21
BRH:0
end_of_record
TN:
SF:Controllers/Catalogue.controller.js
FN:5,(anonymous_0)
FN:8,(anonymous_1)
FN:15,(anonymous_2)
FN:23,(anonymous_3)
FN:77,(anonymous_4)
FN:99,(anonymous_5)
FN:119,(anonymous_6)
FN:169,(anonymous_7)
FN:202,(anonymous_8)
FNF:9
FNH:0
FNDA:0,(anonymous_0)
FNDA:0,(anonymous_1)
FNDA:0,(anonymous_2)
FNDA:0,(anonymous_3)
FNDA:0,(anonymous_4)
FNDA:0,(anonymous_5)
FNDA:0,(anonymous_6)
FNDA:0,(anonymous_7)
FNDA:0,(anonymous_8)
DA:1,1
DA:2,1
DA:3,1
DA:5,1
DA:6,0
DA:8,0
DA:15,1
DA:16,0
DA:17,0
DA:18,0
DA:19,0
DA:23,1
DA:24,0
DA:26,0
DA:27,0
DA:28,0
DA:30,0
DA:34,0
DA:35,0
DA:38,0
DA:40,0
DA:44,0
DA:45,0
DA:48,0
DA:49,0
DA:50,0
DA:53,0
DA:64,0
DA:67,0
DA:68,0
DA:70,0
DA:71,0
DA:72,0
DA:77,1
DA:78,0
DA:79,0
DA:80,0
DA:82,0
DA:84,0
DA:91,0
DA:92,0
DA:99,1
DA:100,0
DA:101,0
DA:103,0
DA:105,0
DA:107,0
DA:108,0
DA:111,0
DA:113,0
DA:114,0
DA:119,1
DA:120,0
DA:122,0
DA:124,0
DA:125,0
DA:126,0
DA:128,0
DA:132,0
DA:134,0
DA:136,0
DA:137,0
DA:140,0
DA:141,0
DA:142,0
DA:145,0
DA:158,0
DA:160,0
DA:161,0
DA:163,0
DA:164,0
DA:169,1
DA:170,0
DA:171,0
DA:173,0
DA:175,0
DA:176,0
DA:179,0
DA:180,0
DA:183,0
DA:189,0
DA:193,0
DA:194,0
DA:202,1
DA:203,0
DA:204,0
DA:205,0
DA:206,0
DA:209,0
DA:210,0
DA:212,0
DA:213,0
DA:217,1
LF:93
LH:12
BRDA:6,0,0,0
BRDA:6,0,1,0
BRDA:6,1,0,0
BRDA:6,1,1,0
BRDA:15,2,0,0
BRDA:15,3,0,0
BRDA:17,4,0,0
BRDA:17,4,1,0
BRDA:18,5,0,0
BRDA:18,5,1,0
BRDA:26,6,0,0
BRDA:26,6,1,0
BRDA:38,7,0,0
BRDA:38,7,1,0
BRDA:38,8,0,0
BRDA:38,8,1,0
BRDA:44,9,0,0
BRDA:44,9,1,0
BRDA:67,10,0,0
BRDA:67,10,1,0
BRDA:71,11,0,0
BRDA:71,11,1,0
BRDA:72,12,0,0
BRDA:72,12,1,0
BRDA:80,13,0,0
BRDA:80,14,0,0
BRDA:80,15,0,0
BRDA:80,16,0,0
BRDA:87,17,0,0
BRDA:87,17,1,0
BRDA:92,18,0,0
BRDA:92,18,1,0
BRDA:107,19,0,0
BRDA:107,19,1,0
BRDA:114,20,0,0
BRDA:114,20,1,0
BRDA:124,21,0,0
BRDA:124,21,1,0
BRDA:136,22,0,0
BRDA:136,22,1,0
BRDA:136,23,0,0
BRDA:136,23,1,0
BRDA:136,23,2,0
BRDA:136,23,3,0
BRDA:140,24,0,0
BRDA:140,24,1,0
BRDA:160,25,0,0
BRDA:160,25,1,0
BRDA:164,26,0,0
BRDA:164,26,1,0
BRDA:175,27,0,0
BRDA:175,27,1,0
BRDA:175,28,0,0
BRDA:175,28,1,0
BRDA:179,29,0,0
BRDA:179,29,1,0
BRDA:194,30,0,0
BRDA:194,30,1,0
BRDA:205,31,0,0
BRDA:205,31,1,0
BRDA:205,32,0,0
BRDA:205,32,1,0
BRDA:213,33,0,0
BRDA:213,33,1,0
BRF:64
BRH:0
end_of_record
TN:
SF:Controllers/Category.controller.js
FN:5,getCategories
FN:109,getIntegrationByCategory
FN:127,getCategoriesForIntegrationsFilter
FNF:3
FNH:0
FNDA:0,getCategories
FNDA:0,getIntegrationByCategory
FNDA:0,getCategoriesForIntegrationsFilter
DA:1,1
DA:2,1
DA:3,1
DA:6,0
DA:110,0
DA:111,0
DA:112,0
DA:117,0
DA:122,0
DA:128,0
DA:129,0
DA:145,0
DA:150,0
DA:159,1
LF:14
LH:4
BRDA:122,0,0,0
BRDA:122,0,1,0
BRDA:122,1,0,0
BRDA:122,1,1,0
BRDA:122,2,0,0
BRDA:122,2,1,0
BRF:6
BRH:0
end_of_record
TN:
SF:Controllers/ChatDocument.controller.js
FN:10,createDocument
FN:21,(anonymous_1)
FN:29,(anonymous_2)
FN:35,(anonymous_3)
FN:44,getDocumentById
FN:46,(anonymous_5)
FN:52,(anonymous_6)
FNF:7
FNH:0
FNDA:0,createDocument
FNDA:0,(anonymous_1)
FNDA:0,(anonymous_2)
FNDA:0,(anonymous_3)
FNDA:0,getDocumentById
FNDA:0,(anonymous_5)
FNDA:0,(anonymous_6)
DA:1,1
DA:2,1
DA:3,1
DA:4,1
DA:5,1
DA:6,1
DA:7,1
DA:8,1
DA:11,0
DA:12,0
DA:13,0
DA:14,0
DA:15,0
DA:17,0
DA:18,0
DA:19,0
DA:20,0
DA:21,0
DA:22,0
DA:30,0
DA:31,0
DA:36,0
DA:37,0
DA:38,0
DA:45,0
DA:46,0
DA:47,0
DA:48,0
DA:53,0
DA:54,0
DA:55,0
DA:59,1
LF:32
LH:9
BRDA:12,0,0,0
BRDA:12,0,1,0
BRDA:38,1,0,0
BRDA:38,1,1,0
BRDA:38,2,0,0
BRDA:38,2,1,0
BRDA:38,3,0,0
BRDA:38,3,1,0
BRDA:55,4,0,0
BRDA:55,4,1,0
BRDA:55,5,0,0
BRDA:55,5,1,0
BRDA:55,6,0,0
BRDA:55,6,1,0
BRF:14
BRH:0
end_of_record
TN:
SF:Controllers/ChatMessage.controller.js
FN:29,formConfirmation
FN:40,(anonymous_1)
FN:71,sendChatMessageForQrScan
FN:140,(anonymous_3)
FN:171,syncUserMessages
FN:191,enrichMessagesWithOrderData
FN:207,(anonymous_6)
FN:239,(anonymous_7)
FN:248,(anonymous_8)
FN:254,(anonymous_9)
FN:255,(anonymous_10)
FN:291,(anonymous_11)
FN:324,(anonymous_12)
FN:349,getAllMessagesByChatRoom
FN:365,(anonymous_14)
FN:371,mapToObject
FN:377,(anonymous_16)
FN:396,(anonymous_17)
FN:510,(anonymous_18)
FN:619,(anonymous_19)
FN:696,(anonymous_20)
FN:704,(anonymous_21)
FN:725,(anonymous_22)
FN:752,(anonymous_23)
FN:804,(anonymous_24)
FN:841,markActionSelected
FN:852,(anonymous_26)
FN:883,sendChatMessageForIntegrationDashboard
FN:964,(anonymous_28)
FN:1026,(anonymous_29)
FN:1055,(anonymous_30)
FN:1084,(anonymous_31)
FN:1101,(anonymous_32)
FN:1146,(anonymous_33)
FNF:34
FNH:0
FNDA:0,formConfirmation
FNDA:0,(anonymous_1)
FNDA:0,sendChatMessageForQrScan
FNDA:0,(anonymous_3)
FNDA:0,syncUserMessages
FNDA:0,enrichMessagesWithOrderData
FNDA:0,(anonymous_6)
FNDA:0,(anonymous_7)
FNDA:0,(anonymous_8)
FNDA:0,(anonymous_9)
FNDA:0,(anonymous_10)
FNDA:0,(anonymous_11)
FNDA:0,(anonymous_12)
FNDA:0,getAllMessagesByChatRoom
FNDA:0,(anonymous_14)
FNDA:0,mapToObject
FNDA:0,(anonymous_16)
FNDA:0,(anonymous_17)
FNDA:0,(anonymous_18)
FNDA:0,(anonymous_19)
FNDA:0,(anonymous_20)
FNDA:0,(anonymous_21)
FNDA:0,(anonymous_22)
FNDA:0,(anonymous_23)
FNDA:0,(anonymous_24)
FNDA:0,markActionSelected
FNDA:0,(anonymous_26)
FNDA:0,sendChatMessageForIntegrationDashboard
FNDA:0,(anonymous_28)
FNDA:0,(anonymous_29)
FNDA:0,(anonymous_30)
FNDA:0,(anonymous_31)
FNDA:0,(anonymous_32)
FNDA:0,(anonymous_33)
DA:1,1
DA:2,1
DA:3,1
DA:4,1
DA:5,1
DA:6,1
DA:7,1
DA:8,1
DA:9,1
DA:10,1
DA:11,1
DA:12,1
DA:13,1
DA:14,1
DA:15,1
DA:16,1
DA:17,1
DA:18,1
DA:19,1
DA:20,1
DA:21,1
DA:22,1
DA:23,1
DA:24,1
DA:30,0
DA:31,0
DA:32,0
DA:33,0
DA:35,0
DA:36,0
DA:37,0
DA:38,0
DA:39,0
DA:40,0
DA:41,0
DA:44,0
DA:45,0
DA:65,0
DA:66,0
DA:72,0
DA:73,0
DA:74,0
DA:75,0
DA:76,0
DA:77,0
DA:79,0
DA:80,0
DA:81,0
DA:82,0
DA:83,0
DA:85,0
DA:86,0
DA:87,0
DA:88,0
DA:89,0
DA:91,0
DA:92,0
DA:93,0
DA:94,0
DA:95,0
DA:96,0
DA:97,0
DA:98,0
DA:104,0
DA:106,0
DA:107,0
DA:108,0
DA:109,0
DA:110,0
DA:111,0
DA:112,0
DA:113,0
DA:118,0
DA:120,0
DA:121,0
DA:122,0
DA:124,0
DA:133,0
DA:134,0
DA:135,0
DA:139,0
DA:140,0
DA:141,0
DA:142,0
DA:143,0
DA:144,0
DA:145,0
DA:148,0
DA:151,0
DA:152,0
DA:157,0
DA:158,0
DA:159,0
DA:173,0
DA:175,0
DA:176,0
DA:177,0
DA:178,0
DA:183,0
DA:184,0
DA:193,0
DA:205,0
DA:207,0
DA:208,0
DA:212,0
DA:216,0
DA:220,0
DA:225,0
DA:226,0
DA:227,0
DA:229,0
DA:230,0
DA:239,0
DA:240,0
DA:243,0
DA:245,0
DA:246,0
DA:248,0
DA:249,0
DA:252,0
DA:254,0
DA:255,0
DA:256,0
DA:257,0
DA:266,0
DA:275,0
DA:276,0
DA:280,0
DA:281,0
DA:288,0
DA:289,0
DA:291,0
DA:292,0
DA:296,0
DA:297,0
DA:298,0
DA:299,0
DA:301,0
DA:302,0
DA:303,0
DA:304,0
DA:305,0
DA:308,0
DA:311,0
DA:312,0
DA:313,0
DA:323,0
DA:325,0
DA:326,0
DA:327,0
DA:333,0
DA:343,0
DA:350,0
DA:354,0
DA:356,0
DA:357,0
DA:358,0
DA:361,0
DA:362,0
DA:364,0
DA:368,0
DA:372,0
DA:373,0
DA:377,0
DA:378,0
DA:381,0
DA:390,0
DA:397,0
DA:510,1
DA:511,0
DA:515,0
DA:516,0
DA:517,0
DA:520,0
DA:521,0
DA:522,0
DA:523,0
DA:531,0
DA:533,0
DA:534,0
DA:535,0
DA:536,0
DA:541,0
DA:545,0
DA:546,0
DA:553,0
DA:555,0
DA:556,0
DA:558,0
DA:559,0
DA:560,0
DA:567,0
DA:568,0
DA:569,0
DA:570,0
DA:571,0
DA:572,0
DA:574,0
DA:575,0
DA:576,0
DA:583,0
DA:584,0
DA:585,0
DA:599,0
DA:605,0
DA:609,0
DA:610,0
DA:618,0
DA:619,0
DA:622,0
DA:623,0
DA:631,0
DA:634,0
DA:646,0
DA:662,0
DA:673,0
DA:675,0
DA:682,0
DA:689,0
DA:690,0
DA:691,0
DA:692,0
DA:694,0
DA:696,0
DA:701,0
DA:704,0
DA:705,0
DA:706,0
DA:707,0
DA:717,0
DA:723,0
DA:725,0
DA:727,0
DA:730,0
DA:735,0
DA:738,0
DA:740,0
DA:752,1
DA:758,0
DA:759,0
DA:762,0
DA:763,0
DA:766,0
DA:767,0
DA:776,0
DA:777,0
DA:780,0
DA:781,0
DA:784,0
DA:788,0
DA:794,0
DA:796,0
DA:797,0
DA:804,1
DA:806,0
DA:810,0
DA:812,0
DA:813,0
DA:816,0
DA:822,0
DA:827,0
DA:831,0
DA:842,0
DA:843,0
DA:844,0
DA:845,0
DA:847,0
DA:849,0
DA:850,0
DA:851,0
DA:852,0
DA:853,0
DA:854,0
DA:856,0
DA:858,0
DA:859,0
DA:860,0
DA:861,0
DA:862,0
DA:864,0
DA:869,0
DA:870,0
DA:871,0
DA:885,0
DA:887,0
DA:888,0
DA:889,0
DA:892,0
DA:893,0
DA:894,0
DA:895,0
DA:896,0
DA:898,0
DA:899,0
DA:902,0
DA:903,0
DA:904,0
DA:905,0
DA:907,0
DA:908,0
DA:913,0
DA:914,0
DA:918,0
DA:919,0
DA:920,0
DA:923,0
DA:926,0
DA:927,0
DA:928,0
DA:932,0
DA:935,0
DA:948,0
DA:951,0
DA:952,0
DA:955,0
DA:956,0
DA:957,0
DA:959,0
DA:965,0
DA:966,0
DA:1006,0
DA:1007,0
DA:1010,0
DA:1011,0
DA:1026,1
DA:1027,0
DA:1028,0
DA:1029,0
DA:1031,0
DA:1032,0
DA:1037,0
DA:1045,0
DA:1047,0
DA:1055,1
DA:1056,0
DA:1057,0
DA:1058,0
DA:1059,0
DA:1061,0
DA:1068,0
DA:1076,0
DA:1078,0
DA:1084,1
DA:1085,0
DA:1086,0
DA:1087,0
DA:1089,0
DA:1096,0
DA:1099,0
DA:1100,0
DA:1101,0
DA:1102,0
DA:1105,0
DA:1107,0
DA:1115,0
DA:1118,0
DA:1122,0
DA:1123,0
DA:1127,0
DA:1128,0
DA:1131,0
DA:1139,0
DA:1141,0
DA:1146,1
DA:1147,0
DA:1148,0
DA:1149,0
DA:1152,0
DA:1153,0
DA:1156,0
DA:1157,0
DA:1159,0
DA:1160,0
DA:1161,0
DA:1165,0
DA:1167,0
DA:1176,0
DA:1182,0
DA:1183,0
DA:1188,1
LF:380
LH:32
BRDA:31,0,0,0
BRDA:31,0,1,0
BRDA:39,1,0,0
BRDA:39,1,1,0
BRDA:66,2,0,0
BRDA:66,2,1,0
BRDA:66,3,0,0
BRDA:66,3,1,0
BRDA:75,4,0,0
BRDA:75,4,1,0
BRDA:82,5,0,0
BRDA:82,5,1,0
BRDA:88,6,0,0
BRDA:88,6,1,0
BRDA:96,7,0,0
BRDA:96,7,1,0
BRDA:111,8,0,0
BRDA:111,8,1,0
BRDA:111,9,0,0
BRDA:111,9,1,0
BRDA:121,10,0,0
BRDA:121,10,1,0
BRDA:127,11,0,0
BRDA:127,11,1,0
BRDA:134,12,0,0
BRDA:134,12,1,0
BRDA:144,13,0,0
BRDA:144,13,1,0
BRDA:159,14,0,0
BRDA:159,14,1,0
BRDA:159,15,0,0
BRDA:159,15,1,0
BRDA:184,16,0,0
BRDA:184,16,1,0
BRDA:184,17,0,0
BRDA:184,17,1,0
BRDA:208,18,0,0
BRDA:208,18,1,0
BRDA:210,19,0,0
BRDA:210,19,1,0
BRDA:212,20,0,0
BRDA:212,20,1,0
BRDA:213,21,0,0
BRDA:213,21,1,0
BRDA:229,22,0,0
BRDA:229,22,1,0
BRDA:248,23,0,0
BRDA:248,23,1,0
BRDA:249,24,0,0
BRDA:249,24,1,0
BRDA:254,25,0,0
BRDA:254,25,1,0
BRDA:255,26,0,0
BRDA:255,26,1,0
BRDA:256,27,0,0
BRDA:256,27,1,0
BRDA:269,28,0,0
BRDA:269,28,1,0
BRDA:270,29,0,0
BRDA:270,29,1,0
BRDA:275,30,0,0
BRDA:275,30,1,0
BRDA:292,31,0,0
BRDA:292,31,1,0
BRDA:294,32,0,0
BRDA:294,32,1,0
BRDA:301,33,0,0
BRDA:301,33,1,0
BRDA:301,34,0,0
BRDA:301,34,1,0
BRDA:303,35,0,0
BRDA:303,35,1,0
BRDA:305,36,0,0
BRDA:305,36,1,0
BRDA:308,37,0,0
BRDA:308,37,1,0
BRDA:311,38,0,0
BRDA:311,38,1,0
BRDA:316,39,0,0
BRDA:316,39,1,0
BRDA:323,40,0,0
BRDA:323,40,1,0
BRDA:325,41,0,0
BRDA:325,41,1,0
BRDA:326,42,0,0
BRDA:326,42,1,0
BRDA:357,43,0,0
BRDA:357,43,1,0
BRDA:372,44,0,0
BRDA:372,44,1,0
BRDA:378,45,0,0
BRDA:378,45,1,0
BRDA:380,46,0,0
BRDA:380,46,1,0
BRDA:399,47,0,0
BRDA:399,47,1,0
BRDA:400,48,0,0
BRDA:400,48,1,0
BRDA:516,49,0,0
BRDA:516,49,1,0
BRDA:533,50,0,0
BRDA:533,50,1,0
BRDA:533,51,0,0
BRDA:533,51,1,0
BRDA:535,52,0,0
BRDA:535,52,1,0
BRDA:545,53,0,0
BRDA:545,53,1,0
BRDA:545,54,0,0
BRDA:545,54,1,0
BRDA:560,55,0,0
BRDA:560,55,1,0
BRDA:567,56,0,0
BRDA:567,56,1,0
BRDA:567,57,0,0
BRDA:567,57,1,0
BRDA:572,58,0,0
BRDA:572,58,1,0
BRDA:575,59,0,0
BRDA:575,59,1,0
BRDA:599,60,0,0
BRDA:599,60,1,0
BRDA:600,61,0,0
BRDA:600,61,1,0
BRDA:600,61,2,0
BRDA:609,62,0,0
BRDA:609,62,1,0
BRDA:618,63,0,0
BRDA:618,63,1,0
BRDA:622,64,0,0
BRDA:622,64,1,0
BRDA:622,65,0,0
BRDA:622,65,1,0
BRDA:690,66,0,0
BRDA:690,66,1,0
BRDA:690,67,0,0
BRDA:690,67,1,0
BRDA:697,68,0,0
BRDA:697,68,1,0
BRDA:705,69,0,0
BRDA:705,69,1,0
BRDA:742,70,0,0
BRDA:742,70,1,0
BRDA:743,71,0,0
BRDA:743,71,1,0
BRDA:762,72,0,0
BRDA:762,72,1,0
BRDA:763,73,0,0
BRDA:763,73,1,0
BRDA:763,74,0,0
BRDA:763,74,1,0
BRDA:780,75,0,0
BRDA:780,75,1,0
BRDA:780,76,0,0
BRDA:780,76,1,0
BRDA:833,77,0,0
BRDA:833,77,1,0
BRDA:834,78,0,0
BRDA:834,78,1,0
BRDA:843,79,0,0
BRDA:843,79,1,0
BRDA:853,80,0,0
BRDA:853,80,1,0
BRDA:859,81,0,0
BRDA:859,81,1,0
BRDA:871,82,0,0
BRDA:871,82,1,0
BRDA:871,83,0,0
BRDA:871,83,1,0
BRDA:888,84,0,0
BRDA:888,84,1,0
BRDA:888,85,0,0
BRDA:888,85,1,0
BRDA:894,86,0,0
BRDA:894,86,1,0
BRDA:898,87,0,0
BRDA:898,87,1,0
BRDA:903,88,0,0
BRDA:903,88,1,0
BRDA:905,89,0,0
BRDA:905,89,1,0
BRDA:907,90,0,0
BRDA:907,90,1,0
BRDA:919,91,0,0
BRDA:919,91,1,0
BRDA:927,92,0,0
BRDA:927,92,1,0
BRDA:951,93,0,0
BRDA:951,93,1,0
BRDA:963,94,0,0
BRDA:963,94,1,0
BRDA:965,95,0,0
BRDA:965,95,1,0
BRDA:968,96,0,0
BRDA:968,96,1,0
BRDA:968,96,2,0
BRDA:971,97,0,0
BRDA:971,97,1,0
BRDA:972,98,0,0
BRDA:972,98,1,0
BRDA:974,99,0,0
BRDA:974,99,1,0
BRDA:983,100,0,0
BRDA:983,100,1,0
BRDA:984,101,0,0
BRDA:984,101,1,0
BRDA:987,102,0,0
BRDA:987,102,1,0
BRDA:992,103,0,0
BRDA:992,103,1,0
BRDA:994,104,0,0
BRDA:994,104,1,0
BRDA:995,105,0,0
BRDA:995,105,1,0
BRDA:995,105,2,0
BRDA:995,106,0,0
BRDA:995,106,1,0
BRDA:995,107,0,0
BRDA:995,107,1,0
BRDA:1000,108,0,0
BRDA:1000,108,1,0
BRDA:1001,109,0,0
BRDA:1001,109,1,0
BRDA:1011,110,0,0
BRDA:1011,110,1,0
BRDA:1011,111,0,0
BRDA:1011,111,1,0
BRDA:1029,112,0,0
BRDA:1029,112,1,0
BRDA:1029,113,0,0
BRDA:1029,113,1,0
BRDA:1029,114,0,0
BRDA:1029,114,1,0
BRDA:1058,115,0,0
BRDA:1058,115,1,0
BRDA:1058,116,0,0
BRDA:1058,116,1,0
BRDA:1058,117,0,0
BRDA:1058,117,1,0
BRDA:1087,118,0,0
BRDA:1087,118,1,0
BRDA:1087,119,0,0
BRDA:1087,119,1,0
BRDA:1087,120,0,0
BRDA:1087,120,1,0
BRDA:1096,121,0,0
BRDA:1096,121,1,0
BRDA:1100,122,0,0
BRDA:1100,122,1,0
BRDA:1100,123,0,0
BRDA:1100,123,1,0
BRDA:1102,124,0,0
BRDA:1102,124,1,0
BRDA:1102,125,0,0
BRDA:1102,125,1,0
BRDA:1105,126,0,0
BRDA:1105,126,1,0
BRDA:1115,127,0,0
BRDA:1115,127,1,0
BRDA:1122,128,0,0
BRDA:1122,128,1,0
BRDA:1148,129,0,0
BRDA:1148,129,1,0
BRDA:1152,130,0,0
BRDA:1152,130,1,0
BRDA:1153,131,0,0
BRDA:1153,131,1,0
BRDA:1153,132,0,0
BRDA:1153,132,1,0
BRDA:1156,133,0,0
BRDA:1156,133,1,0
BRDA:1160,134,0,0
BRDA:1160,134,1,0
BRDA:1170,135,0,0
BRDA:1170,135,1,0
BRDA:1183,136,0,0
BRDA:1183,136,1,0
BRDA:1183,137,0,0
BRDA:1183,137,1,0
BRF:279
BRH:0
end_of_record
TN:
SF:Controllers/ChatRoom.controller.js
FN:14,getChatRoomsByUserId
FN:18,(anonymous_1)
FN:31,(anonymous_2)
FN:36,createFreshChatRoom
FN:46,(anonymous_4)
FN:52,(anonymous_5)
FN:59,upsert
FN:66,(anonymous_7)
FN:71,(anonymous_8)
FN:78,getAllByIntegrationId
FN:85,(anonymous_10)
FN:97,(anonymous_11)
FN:103,checkChatRoomExists
FN:110,(anonymous_13)
FN:117,(anonymous_14)
FN:125,getChatRoomByUserPhoneNumberAndIntegration
FN:209,(anonymous_16)
FN:230,(anonymous_17)
FN:262,(anonymous_18)
FN:293,(anonymous_19)
FN:298,(anonymous_20)
FN:374,getDashboardConversations
FN:399,(anonymous_22)
FN:424,(anonymous_23)
FN:483,toggleChatRoomAi
FNF:25
FNH:0
FNDA:0,getChatRoomsByUserId
FNDA:0,(anonymous_1)
FNDA:0,(anonymous_2)
FNDA:0,createFreshChatRoom
FNDA:0,(anonymous_4)
FNDA:0,(anonymous_5)
FNDA:0,upsert
FNDA:0,(anonymous_7)
FNDA:0,(anonymous_8)
FNDA:0,getAllByIntegrationId
FNDA:0,(anonymous_10)
FNDA:0,(anonymous_11)
FNDA:0,checkChatRoomExists
FNDA:0,(anonymous_13)
FNDA:0,(anonymous_14)
FNDA:0,getChatRoomByUserPhoneNumberAndIntegration
FNDA:0,(anonymous_16)
FNDA:0,(anonymous_17)
FNDA:0,(anonymous_18)
FNDA:0,(anonymous_19)
FNDA:0,(anonymous_20)
FNDA:0,getDashboardConversations
FNDA:0,(anonymous_22)
FNDA:0,(anonymous_23)
FNDA:0,toggleChatRoomAi
DA:1,1
DA:2,1
DA:3,1
DA:4,1
DA:5,1
DA:6,1
DA:7,1
DA:8,1
DA:9,1
DA:10,1
DA:15,0
DA:18,0
DA:19,0
DA:20,0
DA:26,0
DA:32,0
DA:37,0
DA:38,0
DA:39,0
DA:41,0
DA:42,0
DA:44,0
DA:46,0
DA:47,0
DA:48,0
DA:53,0
DA:54,0
DA:60,0
DA:61,0
DA:62,0
DA:64,0
DA:65,0
DA:66,0
DA:67,0
DA:72,0
DA:79,0
DA:80,0
DA:81,0
DA:83,0
DA:84,0
DA:85,0
DA:86,0
DA:87,0
DA:92,0
DA:98,0
DA:104,0
DA:105,0
DA:106,0
DA:108,0
DA:109,0
DA:110,0
DA:111,0
DA:112,0
DA:113,0
DA:118,0
DA:119,0
DA:126,0
DA:127,0
DA:128,0
DA:129,0
DA:130,0
DA:131,0
DA:132,0
DA:134,0
DA:135,0
DA:136,0
DA:137,0
DA:139,0
DA:140,0
DA:144,0
DA:145,0
DA:146,0
DA:151,0
DA:153,0
DA:154,0
DA:160,0
DA:161,0
DA:168,0
DA:169,0
DA:170,0
DA:209,1
DA:211,0
DA:213,0
DA:214,0
DA:217,0
DA:220,0
DA:221,0
DA:222,0
DA:223,0
DA:224,0
DA:225,0
DA:226,0
DA:230,0
DA:231,0
DA:232,0
DA:245,0
DA:249,0
DA:250,0
DA:252,0
DA:262,1
DA:263,0
DA:265,0
DA:266,0
DA:268,0
DA:272,0
DA:273,0
DA:277,0
DA:282,0
DA:283,0
DA:284,0
DA:285,0
DA:286,0
DA:287,0
DA:288,0
DA:293,0
DA:294,0
DA:295,0
DA:298,0
DA:299,0
DA:302,0
DA:304,0
DA:306,0
DA:353,0
DA:357,0
DA:360,0
DA:362,0
DA:377,0
DA:379,0
DA:380,0
DA:383,0
DA:386,0
DA:387,0
DA:388,0
DA:390,0
DA:391,0
DA:393,0
DA:395,0
DA:397,0
DA:398,0
DA:399,0
DA:403,0
DA:417,0
DA:419,0
DA:425,0
DA:426,0
DA:465,0
DA:469,0
DA:473,0
DA:474,0
DA:475,0
DA:484,0
DA:485,0
DA:486,0
DA:488,0
DA:490,0
DA:491,0
DA:492,0
DA:495,0
DA:497,0
DA:503,0
DA:507,1
LF:161
LH:13
BRDA:18,0,0,0
BRDA:18,0,1,0
BRDA:19,1,0,0
BRDA:19,1,1,0
BRDA:19,2,0,0
BRDA:19,2,1,0
BRDA:32,3,0,0
BRDA:32,3,1,0
BRDA:32,4,0,0
BRDA:32,4,1,0
BRDA:38,5,0,0
BRDA:38,5,1,0
BRDA:54,6,0,0
BRDA:54,6,1,0
BRDA:54,7,0,0
BRDA:54,7,1,0
BRDA:61,8,0,0
BRDA:61,8,1,0
BRDA:72,9,0,0
BRDA:72,9,1,0
BRDA:72,10,0,0
BRDA:72,10,1,0
BRDA:80,11,0,0
BRDA:80,11,1,0
BRDA:86,12,0,0
BRDA:86,12,1,0
BRDA:98,13,0,0
BRDA:98,13,1,0
BRDA:98,14,0,0
BRDA:98,14,1,0
BRDA:105,15,0,0
BRDA:105,15,1,0
BRDA:111,16,0,0
BRDA:111,16,1,0
BRDA:111,17,0,0
BRDA:111,17,1,0
BRDA:119,18,0,0
BRDA:119,18,1,0
BRDA:119,19,0,0
BRDA:119,19,1,0
BRDA:130,20,0,0
BRDA:130,20,1,0
BRDA:137,21,0,0
BRDA:137,21,1,0
BRDA:137,22,0,0
BRDA:137,22,1,0
BRDA:145,23,0,0
BRDA:145,23,1,0
BRDA:145,24,0,0
BRDA:145,24,1,0
BRDA:170,25,0,0
BRDA:170,25,1,0
BRDA:170,26,0,0
BRDA:170,26,1,0
BRDA:224,27,0,0
BRDA:224,27,1,0
BRDA:224,28,0,0
BRDA:224,28,1,0
BRDA:231,29,0,0
BRDA:231,29,1,0
BRDA:231,29,2,0
BRDA:231,30,0,0
BRDA:231,30,1,0
BRDA:231,31,0,0
BRDA:231,31,1,0
BRDA:236,32,0,0
BRDA:236,32,1,0
BRDA:239,33,0,0
BRDA:239,33,1,0
BRDA:254,34,0,0
BRDA:254,34,1,0
BRDA:255,35,0,0
BRDA:255,35,1,0
BRDA:272,36,0,0
BRDA:272,36,1,0
BRDA:286,37,0,0
BRDA:286,37,1,0
BRDA:286,38,0,0
BRDA:286,38,1,0
BRDA:295,39,0,0
BRDA:295,39,1,0
BRDA:299,40,0,0
BRDA:299,40,1,0
BRDA:302,41,0,0
BRDA:302,41,1,0
BRDA:302,42,0,0
BRDA:302,42,1,0
BRDA:304,43,0,0
BRDA:304,43,1,0
BRDA:304,43,2,0
BRDA:304,44,0,0
BRDA:304,44,1,0
BRDA:304,45,0,0
BRDA:304,45,1,0
BRDA:312,46,0,0
BRDA:312,46,1,0
BRDA:312,46,2,0
BRDA:316,47,0,0
BRDA:316,47,1,0
BRDA:316,47,2,0
BRDA:316,47,3,0
BRDA:320,48,0,0
BRDA:320,48,1,0
BRDA:322,49,0,0
BRDA:322,49,1,0
BRDA:331,50,0,0
BRDA:331,50,1,0
BRDA:332,51,0,0
BRDA:332,51,1,0
BRDA:335,52,0,0
BRDA:335,52,1,0
BRDA:339,53,0,0
BRDA:339,53,1,0
BRDA:340,54,0,0
BRDA:340,54,1,0
BRDA:342,55,0,0
BRDA:342,55,1,0
BRDA:346,56,0,0
BRDA:346,56,1,0
BRDA:347,57,0,0
BRDA:347,57,1,0
BRDA:364,58,0,0
BRDA:364,58,1,0
BRDA:365,59,0,0
BRDA:365,59,1,0
BRDA:387,60,0,0
BRDA:387,60,1,0
BRDA:395,61,0,0
BRDA:395,61,1,0
BRDA:395,62,0,0
BRDA:395,62,1,0
BRDA:397,63,0,0
BRDA:397,63,1,0
BRDA:398,64,0,0
BRDA:398,64,1,0
BRDA:399,65,0,0
BRDA:399,65,1,0
BRDA:403,66,0,0
BRDA:403,66,1,0
BRDA:417,67,0,0
BRDA:417,67,1,0
BRDA:417,67,2,0
BRDA:417,68,0,0
BRDA:417,68,1,0
BRDA:417,69,0,0
BRDA:417,69,1,0
BRDA:425,70,0,0
BRDA:425,70,1,0
BRDA:428,71,0,0
BRDA:428,71,1,0
BRDA:428,71,2,0
BRDA:431,72,0,0
BRDA:431,72,1,0
BRDA:432,73,0,0
BRDA:432,73,1,0
BRDA:432,74,0,0
BRDA:432,74,1,0
BRDA:433,75,0,0
BRDA:433,75,1,0
BRDA:434,76,0,0
BRDA:434,76,1,0
BRDA:443,77,0,0
BRDA:443,77,1,0
BRDA:444,78,0,0
BRDA:444,78,1,0
BRDA:447,79,0,0
BRDA:447,79,1,0
BRDA:451,80,0,0
BRDA:451,80,1,0
BRDA:452,81,0,0
BRDA:452,81,1,0
BRDA:454,82,0,0
BRDA:454,82,1,0
BRDA:458,83,0,0
BRDA:458,83,1,0
BRDA:459,84,0,0
BRDA:459,84,1,0
BRDA:475,85,0,0
BRDA:475,85,1,0
BRDA:475,86,0,0
BRDA:475,86,1,0
BRDA:491,87,0,0
BRDA:491,87,1,0
BRDA:499,88,0,0
BRDA:499,88,1,0
BRDA:503,89,0,0
BRDA:503,89,1,0
BRF:187
BRH:0
end_of_record
TN:
SF:Controllers/Chatbot.controller.js
FN:12,getSarvamKey
FN:39,processAiChat
FN:43,(anonymous_2)
FN:80,(anonymous_3)
FN:91,(anonymous_4)
FN:92,(anonymous_5)
FN:139,(anonymous_6)
FN:256,(anonymous_7)
FNF:8
FNH:0
FNDA:0,getSarvamKey
FNDA:0,processAiChat
FNDA:0,(anonymous_2)
FNDA:0,(anonymous_3)
FNDA:0,(anonymous_4)
FNDA:0,(anonymous_5)
FNDA:0,(anonymous_6)
FNDA:0,(anonymous_7)
DA:1,1
DA:2,1
DA:3,1
DA:4,1
DA:5,1
DA:6,1
DA:8,1
DA:13,0
DA:14,0
DA:15,0
DA:17,0
DA:18,0
DA:19,0
DA:20,0
DA:21,0
DA:29,0
DA:30,0
DA:34,0
DA:36,0
DA:40,0
DA:41,0
DA:42,0
DA:43,0
DA:44,0
DA:46,0
DA:47,0
DA:50,0
DA:51,0
DA:52,0
DA:55,0
DA:56,0
DA:57,0
DA:59,0
DA:60,0
DA:61,0
DA:62,0
DA:63,0
DA:64,0
DA:66,0
DA:70,0
DA:71,0
DA:73,0
DA:79,0
DA:80,0
DA:84,0
DA:89,0
DA:90,0
DA:91,0
DA:92,0
DA:93,0
DA:96,0
DA:100,0
DA:105,0
DA:109,0
DA:112,0
DA:116,0
DA:117,0
DA:120,0
DA:124,0
DA:125,0
DA:128,0
DA:129,0
DA:136,0
DA:137,0
DA:138,0
DA:139,0
DA:142,0
DA:143,0
DA:144,0
DA:147,0
DA:171,0
DA:173,0
DA:178,0
DA:184,0
DA:185,0
DA:186,0
DA:187,0
DA:188,0
DA:189,0
DA:190,0
DA:191,0
DA:199,0
DA:200,0
DA:201,0
DA:202,0
DA:203,0
DA:204,0
DA:205,0
DA:213,0
DA:215,0
DA:216,0
DA:217,0
DA:219,0
DA:222,0
DA:223,0
DA:224,0
DA:225,0
DA:227,0
DA:228,0
DA:229,0
DA:230,0
DA:232,0
DA:233,0
DA:234,0
DA:235,0
DA:236,0
DA:237,0
DA:238,0
DA:239,0
DA:240,0
DA:241,0
DA:244,0
DA:247,0
DA:248,0
DA:250,0
DA:251,0
DA:254,0
DA:255,0
DA:256,0
DA:260,0
DA:261,0
DA:262,0
DA:263,0
DA:264,0
DA:265,0
DA:266,0
DA:268,0
DA:269,0
DA:273,0
DA:277,0
DA:278,0
DA:281,0
DA:289,0
DA:290,0
DA:294,1
LF:135
LH:8
BRDA:14,0,0,0
BRDA:14,0,1,0
BRDA:14,1,0,0
BRDA:14,1,1,0
BRDA:19,2,0,0
BRDA:19,2,1,0
BRDA:29,3,0,0
BRDA:29,3,1,0
BRDA:29,4,0,0
BRDA:29,4,1,0
BRDA:43,5,0,0
BRDA:43,5,1,0
BRDA:44,6,0,0
BRDA:44,6,1,0
BRDA:44,7,0,0
BRDA:44,7,1,0
BRDA:46,8,0,0
BRDA:46,8,1,0
BRDA:55,9,0,0
BRDA:55,9,1,0
BRDA:59,10,0,0
BRDA:59,10,1,0
BRDA:63,11,0,0
BRDA:63,11,1,0
BRDA:64,12,0,0
BRDA:64,12,1,0
BRDA:71,13,0,0
BRDA:71,13,1,0
BRDA:80,14,0,0
BRDA:80,14,1,0
BRDA:90,15,0,0
BRDA:90,15,1,0
BRDA:92,16,0,0
BRDA:92,16,1,0
BRDA:92,17,0,0
BRDA:92,17,1,0
BRDA:92,17,2,0
BRDA:92,18,0,0
BRDA:92,18,1,0
BRDA:101,19,0,0
BRDA:101,19,1,0
BRDA:109,20,0,0
BRDA:109,20,1,0
BRDA:109,21,0,0
BRDA:109,21,1,0
BRDA:112,22,0,0
BRDA:112,22,1,0
BRDA:112,23,0,0
BRDA:112,23,1,0
BRDA:116,24,0,0
BRDA:116,24,1,0
BRDA:117,25,0,0
BRDA:117,25,1,0
BRDA:120,26,0,0
BRDA:120,26,1,0
BRDA:124,27,0,0
BRDA:124,27,1,0
BRDA:124,28,0,0
BRDA:124,28,1,0
BRDA:128,29,0,0
BRDA:128,29,1,0
BRDA:128,30,0,0
BRDA:128,30,1,0
BRDA:137,31,0,0
BRDA:137,31,1,0
BRDA:137,32,0,0
BRDA:137,32,1,0
BRDA:137,32,2,0
BRDA:143,33,0,0
BRDA:143,33,1,0
BRDA:143,34,0,0
BRDA:143,34,1,0
BRDA:155,35,0,0
BRDA:155,35,1,0
BRDA:158,36,0,0
BRDA:158,36,1,0
BRDA:187,37,0,0
BRDA:187,37,1,0
BRDA:189,38,0,0
BRDA:189,38,1,0
BRDA:189,39,0,0
BRDA:189,39,1,0
BRDA:200,40,0,0
BRDA:200,40,1,0
BRDA:201,41,0,0
BRDA:201,41,1,0
BRDA:202,42,0,0
BRDA:202,42,1,0
BRDA:203,43,0,0
BRDA:203,43,1,0
BRDA:205,44,0,0
BRDA:205,44,1,0
BRDA:216,45,0,0
BRDA:216,45,1,0
BRDA:227,46,0,0
BRDA:227,46,1,0
BRDA:229,47,0,0
BRDA:229,47,1,0
BRDA:232,48,0,0
BRDA:232,48,1,0
BRDA:235,49,0,0
BRDA:235,49,1,0
BRDA:237,50,0,0
BRDA:237,50,1,0
BRDA:240,51,0,0
BRDA:240,51,1,0
BRDA:240,52,0,0
BRDA:240,52,1,0
BRDA:247,53,0,0
BRDA:247,53,1,0
BRDA:254,54,0,0
BRDA:254,54,1,0
BRDA:256,55,0,0
BRDA:256,55,1,0
BRDA:257,56,0,0
BRDA:257,56,1,0
BRDA:257,57,0,0
BRDA:257,57,1,0
BRDA:258,58,0,0
BRDA:258,58,1,0
BRDA:258,58,2,0
BRDA:262,59,0,0
BRDA:262,59,1,0
BRDA:264,60,0,0
BRDA:264,60,1,0
BRDA:264,61,0,0
BRDA:264,61,1,0
BRDA:268,62,0,0
BRDA:268,62,1,0
BRDA:277,63,0,0
BRDA:277,63,1,0
BRF:131
BRH:0
end_of_record
TN:
SF:Controllers/Custmization.controller.js
FN:25,(anonymous_0)
FN:33,(anonymous_1)
FN:35,(anonymous_2)
FN:44,(anonymous_3)
FN:69,(anonymous_4)
FN:85,(anonymous_5)
FN:100,(anonymous_6)
FN:115,(anonymous_7)
FN:130,(anonymous_8)
FN:146,(anonymous_9)
FN:167,(anonymous_10)
FN:186,(anonymous_11)
FN:206,(anonymous_12)
FN:224,(anonymous_13)
FN:236,(anonymous_14)
FN:257,(anonymous_15)
FN:275,(anonymous_16)
FN:287,(anonymous_17)
FN:315,(anonymous_18)
FN:343,(anonymous_19)
FNF:20
FNH:0
FNDA:0,(anonymous_0)
FNDA:0,(anonymous_1)
FNDA:0,(anonymous_2)
FNDA:0,(anonymous_3)
FNDA:0,(anonymous_4)
FNDA:0,(anonymous_5)
FNDA:0,(anonymous_6)
FNDA:0,(anonymous_7)
FNDA:0,(anonymous_8)
FNDA:0,(anonymous_9)
FNDA:0,(anonymous_10)
FNDA:0,(anonymous_11)
FNDA:0,(anonymous_12)
FNDA:0,(anonymous_13)
FNDA:0,(anonymous_14)
FNDA:0,(anonymous_15)
FNDA:0,(anonymous_16)
FNDA:0,(anonymous_17)
FNDA:0,(anonymous_18)
FNDA:0,(anonymous_19)
DA:18,1
DA:21,1
DA:22,1
DA:25,1
DA:26,0
DA:27,0
DA:28,0
DA:29,0
DA:33,1
DA:34,0
DA:35,0
DA:44,1
DA:45,0
DA:47,0
DA:50,0
DA:55,0
DA:57,0
DA:59,0
DA:60,0
DA:62,0
DA:63,0
DA:69,1
DA:70,0
DA:71,0
DA:74,0
DA:76,0
DA:78,0
DA:80,0
DA:81,0
DA:85,1
DA:86,0
DA:87,0
DA:88,0
DA:90,0
DA:91,0
DA:93,0
DA:94,0
DA:100,1
DA:101,0
DA:102,0
DA:103,0
DA:105,0
DA:106,0
DA:108,0
DA:109,0
DA:115,1
DA:116,0
DA:117,0
DA:118,0
DA:120,0
DA:121,0
DA:122,0
DA:124,0
DA:125,0
DA:130,1
DA:131,0
DA:132,0
DA:133,0
DA:134,0
DA:136,0
DA:137,0
DA:139,0
DA:140,0
DA:146,1
DA:147,0
DA:148,0
DA:151,0
DA:153,0
DA:155,0
DA:156,0
DA:159,0
DA:161,0
DA:162,0
DA:167,1
DA:168,0
DA:169,0
DA:171,0
DA:173,0
DA:175,0
DA:180,0
DA:181,0
DA:186,1
DA:187,0
DA:189,0
DA:190,0
DA:192,0
DA:194,0
DA:200,0
DA:201,0
DA:206,1
DA:207,0
DA:208,0
DA:209,0
DA:213,0
DA:216,0
DA:218,0
DA:223,0
DA:224,0
DA:229,0
DA:230,0
DA:236,1
DA:237,0
DA:238,0
DA:240,0
DA:242,0
DA:244,0
DA:249,0
DA:250,0
DA:257,1
DA:258,0
DA:259,0
DA:262,0
DA:265,0
DA:267,0
DA:269,0
DA:274,0
DA:275,0
DA:279,0
DA:281,0
DA:282,0
DA:287,1
DA:288,0
DA:289,0
DA:291,0
DA:293,0
DA:295,0
DA:304,0
DA:305,0
DA:315,1
DA:316,0
DA:317,0
DA:318,0
DA:321,0
DA:322,0
DA:325,0
DA:333,0
DA:337,0
DA:338,0
DA:343,1
DA:344,0
DA:345,0
DA:346,0
DA:347,0
DA:349,0
DA:358,0
DA:372,0
DA:373,0
DA:384,1
LF:148
LH:21
BRDA:25,0,0,0
BRDA:25,1,0,0
BRDA:27,2,0,0
BRDA:27,2,1,0
BRDA:28,3,0,0
BRDA:28,3,1,0
BRDA:34,4,0,0
BRDA:34,4,1,0
BRDA:34,5,0,0
BRDA:34,5,1,0
BRDA:59,6,0,0
BRDA:59,6,1,0
BRDA:74,7,0,0
BRDA:74,8,0,0
BRDA:121,9,0,0
BRDA:121,9,1,0
BRDA:155,10,0,0
BRDA:155,10,1,0
BRDA:155,11,0,0
BRDA:155,11,1,0
BRDA:223,12,0,0
BRDA:223,12,1,0
BRDA:274,13,0,0
BRDA:274,13,1,0
BRDA:321,14,0,0
BRDA:321,14,1,0
BRDA:321,15,0,0
BRDA:321,15,1,0
BRDA:321,15,2,0
BRDA:330,16,0,0
BRDA:330,16,1,0
BRDA:345,17,0,0
BRDA:345,18,0,0
BRF:33
BRH:0
end_of_record
TN:
SF:Controllers/Customer.controller.js
FN:3,(anonymous_0)
FN:12,(anonymous_1)
FN:40,(anonymous_2)
FN:64,(anonymous_3)
FN:90,(anonymous_4)
FNF:5
FNH:0
FNDA:0,(anonymous_0)
FNDA:0,(anonymous_1)
FNDA:0,(anonymous_2)
FNDA:0,(anonymous_3)
FNDA:0,(anonymous_4)
DA:1,1
DA:3,1
DA:4,0
DA:5,0
DA:6,0
DA:7,0
DA:12,1
DA:13,0
DA:14,0
DA:16,0
DA:17,0
DA:21,0
DA:24,0
DA:27,0
DA:28,0
DA:40,1
DA:41,0
DA:42,0
DA:43,0
DA:44,0
DA:47,0
DA:48,0
DA:51,0
DA:54,0
DA:57,0
DA:58,0
DA:64,1
DA:65,0
DA:66,0
DA:67,0
DA:68,0
DA:70,0
DA:71,0
DA:72,0
DA:73,0
DA:75,0
DA:76,0
DA:77,0
DA:79,0
DA:85,0
DA:86,0
DA:90,1
DA:91,0
DA:92,0
DA:93,0
DA:94,0
DA:96,0
DA:97,0
DA:100,0
DA:101,0
DA:103,0
DA:104,0
DA:106,0
DA:111,0
DA:112,0
DA:116,1
LF:56
LH:7
BRDA:3,0,0,0
BRDA:3,1,0,0
BRDA:5,2,0,0
BRDA:5,2,1,0
BRDA:6,3,0,0
BRDA:6,3,1,0
BRDA:16,4,0,0
BRDA:16,4,1,0
BRDA:47,5,0,0
BRDA:47,5,1,0
BRDA:67,6,0,0
BRDA:67,6,1,0
BRDA:72,7,0,0
BRDA:72,7,1,0
BRDA:75,8,0,0
BRDA:75,8,1,0
BRDA:76,9,0,0
BRDA:76,9,1,0
BRDA:81,10,0,0
BRDA:81,10,1,0
BRDA:81,11,0,0
BRDA:81,11,1,0
BRDA:82,12,0,0
BRDA:82,12,1,0
BRDA:82,13,0,0
BRDA:82,13,1,0
BRDA:93,14,0,0
BRDA:93,14,1,0
BRDA:96,15,0,0
BRDA:96,15,1,0
BRDA:96,16,0,0
BRDA:96,16,1,0
BRF:32
BRH:0
end_of_record
TN:
SF:Controllers/Deal.controller.js
FN:6,(anonymous_0)
FN:13,(anonymous_1)
FN:15,(anonymous_2)
FN:22,(anonymous_3)
FN:44,(anonymous_4)
FN:70,(anonymous_5)
FN:89,(anonymous_6)
FN:117,(anonymous_7)
FN:133,(anonymous_8)
FN:158,(anonymous_9)
FN:191,(anonymous_10)
FN:224,(anonymous_11)
FNF:12
FNH:0
FNDA:0,(anonymous_0)
FNDA:0,(anonymous_1)
FNDA:0,(anonymous_2)
FNDA:0,(anonymous_3)
FNDA:0,(anonymous_4)
FNDA:0,(anonymous_5)
FNDA:0,(anonymous_6)
FNDA:0,(anonymous_7)
FNDA:0,(anonymous_8)
FNDA:0,(anonymous_9)
FNDA:0,(anonymous_10)
FNDA:0,(anonymous_11)
DA:1,1
DA:2,1
DA:3,1
DA:6,1
DA:7,0
DA:8,0
DA:9,0
DA:10,0
DA:13,1
DA:14,0
DA:15,0
DA:22,1
DA:23,0
DA:26,0
DA:28,0
DA:30,0
DA:32,0
DA:35,0
DA:36,0
DA:38,0
DA:39,0
DA:44,1
DA:45,0
DA:46,0
DA:48,0
DA:49,0
DA:52,0
DA:54,0
DA:56,0
DA:58,0
DA:59,0
DA:70,1
DA:71,0
DA:72,0
DA:73,0
DA:74,0
DA:75,0
DA:78,0
DA:80,0
DA:82,0
DA:84,0
DA:85,0
DA:89,1
DA:90,0
DA:91,0
DA:92,0
DA:95,0
DA:96,0
DA:98,0
DA:100,0
DA:102,0
DA:107,0
DA:108,0
DA:110,0
DA:111,0
DA:117,1
DA:118,0
DA:119,0
DA:120,0
DA:122,0
DA:123,0
DA:125,0
DA:126,0
DA:133,1
DA:134,0
DA:135,0
DA:136,0
DA:139,0
DA:145,0
DA:152,0
DA:153,0
DA:158,1
DA:159,0
DA:160,0
DA:161,0
DA:164,0
DA:165,0
DA:172,0
DA:180,0
DA:184,0
DA:185,0
DA:191,1
DA:192,0
DA:193,0
DA:194,0
DA:196,0
DA:197,0
DA:200,0
DA:201,0
DA:204,0
DA:206,0
DA:207,0
DA:210,0
DA:212,0
DA:213,0
DA:224,1
DA:225,0
DA:226,0
DA:227,0
DA:228,0
DA:230,0
DA:239,0
DA:253,0
DA:254,0
DA:265,1
LF:105
LH:15
BRDA:6,0,0,0
BRDA:6,1,0,0
BRDA:8,2,0,0
BRDA:8,2,1,0
BRDA:9,3,0,0
BRDA:9,3,1,0
BRDA:14,4,0,0
BRDA:14,4,1,0
BRDA:14,5,0,0
BRDA:14,5,1,0
BRDA:35,6,0,0
BRDA:35,6,1,0
BRDA:48,7,0,0
BRDA:48,7,1,0
BRDA:52,8,0,0
BRDA:52,9,0,0
BRDA:74,10,0,0
BRDA:74,10,1,0
BRDA:78,11,0,0
BRDA:78,11,1,0
BRDA:95,12,0,0
BRDA:95,12,1,0
BRDA:96,13,0,0
BRDA:96,13,1,0
BRDA:107,14,0,0
BRDA:107,14,1,0
BRDA:164,15,0,0
BRDA:164,15,1,0
BRDA:164,16,0,0
BRDA:164,16,1,0
BRDA:164,16,2,0
BRDA:177,17,0,0
BRDA:177,17,1,0
BRDA:196,18,0,0
BRDA:196,18,1,0
BRDA:200,19,0,0
BRDA:200,19,1,0
BRDA:206,20,0,0
BRDA:206,20,1,0
BRDA:226,21,0,0
BRDA:226,22,0,0
BRF:41
BRH:0
end_of_record
TN:
SF:Controllers/Enabler.controller.js
FN:6,submitMerchant
FN:131,getMySubmissions
FN:208,uploadDocument
FN:240,getMyStats
FN:256,getCityEnablers
FN:293,reviewSubmission
FNF:6
FNH:0
FNDA:0,submitMerchant
FNDA:0,getMySubmissions
FNDA:0,uploadDocument
FNDA:0,getMyStats
FNDA:0,getCityEnablers
FNDA:0,reviewSubmission
DA:1,1
DA:2,1
DA:3,1
DA:7,0
DA:8,0
DA:26,0
DA:28,0
DA:29,0
DA:33,0
DA:36,0
DA:37,0
DA:41,0
DA:56,0
DA:58,0
DA:89,0
DA:101,0
DA:102,0
DA:103,0
DA:104,0
DA:105,0
DA:106,0
DA:110,0
DA:117,0
DA:126,0
DA:132,0
DA:133,0
DA:134,0
DA:135,0
DA:138,0
DA:139,0
DA:140,0
DA:142,0
DA:143,0
DA:144,0
DA:146,0
DA:147,0
DA:151,0
DA:152,0
DA:153,0
DA:154,0
DA:155,0
DA:158,0
DA:174,0
DA:181,0
DA:198,0
DA:203,0
DA:209,0
DA:210,0
DA:211,0
DA:212,0
DA:215,0
DA:216,0
DA:217,0
DA:221,0
DA:222,0
DA:224,0
DA:229,0
DA:235,0
DA:241,0
DA:242,0
DA:246,0
DA:251,0
DA:257,0
DA:258,0
DA:259,0
DA:260,0
DA:261,0
DA:264,0
DA:265,0
DA:268,0
DA:269,0
DA:274,0
DA:275,0
DA:278,0
DA:283,0
DA:288,0
DA:294,0
DA:295,0
DA:296,0
DA:297,0
DA:300,0
DA:303,0
DA:304,0
DA:308,0
DA:309,0
DA:310,0
DA:313,0
DA:314,0
DA:316,0
DA:326,0
DA:334,0
DA:335,0
DA:336,0
DA:337,0
DA:338,0
DA:340,0
DA:342,0
DA:346,0
DA:353,0
DA:358,0
DA:362,1
LF:101
LH:4
BRDA:28,0,0,0
BRDA:28,0,1,0
BRDA:28,1,0,0
BRDA:28,1,1,0
BRDA:28,1,2,0
BRDA:28,1,3,0
BRDA:36,2,0,0
BRDA:36,2,1,0
BRDA:56,3,0,0
BRDA:56,3,1,0
BRDA:56,4,0,0
BRDA:56,4,1,0
BRDA:82,5,0,0
BRDA:82,5,1,0
BRDA:83,6,0,0
BRDA:83,6,1,0
BRDA:85,7,0,0
BRDA:85,7,1,0
BRDA:102,8,0,0
BRDA:102,8,1,0
BRDA:103,9,0,0
BRDA:103,9,1,0
BRDA:104,10,0,0
BRDA:104,10,1,0
BRDA:135,11,0,0
BRDA:135,11,1,0
BRDA:138,12,0,0
BRDA:138,12,1,0
BRDA:138,13,0,0
BRDA:138,13,1,0
BRDA:139,14,0,0
BRDA:139,14,1,0
BRDA:143,15,0,0
BRDA:143,15,1,0
BRDA:146,16,0,0
BRDA:146,16,1,0
BRDA:146,17,0,0
BRDA:146,17,1,0
BRDA:152,18,0,0
BRDA:152,18,1,0
BRDA:154,19,0,0
BRDA:154,19,1,0
BRDA:211,20,0,0
BRDA:211,20,1,0
BRDA:211,21,0,0
BRDA:211,21,1,0
BRDA:211,21,2,0
BRDA:216,22,0,0
BRDA:216,22,1,0
BRDA:221,23,0,0
BRDA:221,23,1,0
BRDA:222,24,0,0
BRDA:222,24,1,0
BRDA:248,25,0,0
BRDA:248,25,1,0
BRDA:258,26,0,0
BRDA:258,26,1,0
BRDA:260,27,0,0
BRDA:260,27,1,0
BRDA:260,28,0,0
BRDA:260,28,1,0
BRDA:264,29,0,0
BRDA:264,29,1,0
BRDA:264,30,0,0
BRDA:264,30,1,0
BRDA:274,31,0,0
BRDA:274,31,1,0
BRDA:296,32,0,0
BRDA:296,32,1,0
BRDA:296,33,0,0
BRDA:296,33,1,0
BRDA:303,34,0,0
BRDA:303,34,1,0
BRDA:308,35,0,0
BRDA:308,35,1,0
BRDA:309,36,0,0
BRDA:309,36,1,0
BRDA:309,37,0,0
BRDA:309,37,1,0
BRDA:314,38,0,0
BRDA:314,38,1,0
BRDA:318,39,0,0
BRDA:318,39,1,0
BRDA:335,40,0,0
BRDA:335,40,1,0
BRDA:336,41,0,0
BRDA:336,41,1,0
BRDA:337,42,0,0
BRDA:337,42,1,0
BRDA:338,43,0,0
BRDA:338,43,1,0
BRDA:340,44,0,0
BRDA:340,44,1,0
BRDA:349,45,0,0
BRDA:349,45,1,0
BRF:95
BRH:0
end_of_record
TN:
SF:Controllers/Integration.controller.js
FN:27,matchCategory
FN:45,verifyIntegrationPhoneNumberController
FN:194,adminLogin
FN:272,confirmIntegrationOTP
FN:383,verifyIntegrationPin
FN:465,setIntegrationPin
FN:485,onboardUnregisteredIntegration
FN:512,getNonInteractedIntegrationByUser
FN:543,getIntegrationById
FN:561,welcomeUserToIntegration
FN:566,(anonymous_10)
FN:575,(anonymous_11)
FN:588,(anonymous_12)
FN:593,(anonymous_13)
FN:600,createIntegration
FN:611,(anonymous_15)
FN:614,(anonymous_16)
FN:622,updateIntegration
FN:668,superAdminCreateIntegration
FN:728,(anonymous_19)
FN:877,integrateMissedCall
FN:887,(anonymous_21)
FN:896,(anonymous_22)
FN:909,(anonymous_23)
FN:914,(anonymous_24)
FN:926,deactivateIntegration
FN:947,activateIntegration
FN:971,updateIntegrationProfilePicController
FN:991,updateIntegrationDocuments
FN:1049,unregisteredCreateIntegration
FN:1078,adminVerifyIntegration
FN:1103,getIntegrationMyDetails
FN:1207,getAllIntegrationsRecentByUser
FN:1224,(anonymous_33)
FN:1230,(anonymous_34)
FN:1233,(anonymous_35)
FN:1251,(anonymous_36)
FN:1266,(anonymous_37)
FN:1289,(anonymous_38)
FN:1316,(anonymous_39)
FN:1322,(anonymous_40)
FN:1327,(anonymous_41)
FN:1352,fixIntegrationUrls
FN:1364,(anonymous_43)
FN:1370,(anonymous_44)
FN:1373,(anonymous_45)
FN:1376,(anonymous_46)
FN:1389,getAppDiscoveryIntegrations
FN:1418,(anonymous_48)
FN:1432,getAllIntegrationNoPagination
FN:1443,(anonymous_50)
FN:1459,(anonymous_51)
FN:1462,(anonymous_52)
FN:1465,(anonymous_53)
FN:1494,(anonymous_54)
FN:1511,(anonymous_55)
FN:1533,(anonymous_56)
FN:1559,(anonymous_57)
FN:1563,(anonymous_58)
FN:1569,(anonymous_59)
FN:1592,getAllIntegrations
FN:1610,(anonymous_61)
FN:1613,(anonymous_62)
FN:1616,(anonymous_63)
FN:1641,(anonymous_64)
FN:1658,(anonymous_65)
FN:1680,(anonymous_66)
FN:1715,toggleIntegrationStatus
FN:1743,getDashboardStats
FN:1776,getSuperAdminStats
FN:1790,merchantUpdateIntegration
FN:1797,(anonymous_71)
FN:1845,(anonymous_72)
FN:1904,resolveIdentityController
FN:1978,(anonymous_74)
FN:2084,(anonymous_75)
FN:2099,(anonymous_76)
FN:2117,(anonymous_77)
FN:2137,(anonymous_78)
FN:2214,(anonymous_79)
FN:2251,(anonymous_80)
FN:2315,(anonymous_81)
FN:2338,(anonymous_82)
FN:2361,(anonymous_83)
FN:2376,(anonymous_84)
FNF:85
FNH:0
FNDA:0,matchCategory
FNDA:0,verifyIntegrationPhoneNumberController
FNDA:0,adminLogin
FNDA:0,confirmIntegrationOTP
FNDA:0,verifyIntegrationPin
FNDA:0,setIntegrationPin
FNDA:0,onboardUnregisteredIntegration
FNDA:0,getNonInteractedIntegrationByUser
FNDA:0,getIntegrationById
FNDA:0,welcomeUserToIntegration
FNDA:0,(anonymous_10)
FNDA:0,(anonymous_11)
FNDA:0,(anonymous_12)
FNDA:0,(anonymous_13)
FNDA:0,createIntegration
FNDA:0,(anonymous_15)
FNDA:0,(anonymous_16)
FNDA:0,updateIntegration
FNDA:0,superAdminCreateIntegration
FNDA:0,(anonymous_19)
FNDA:0,integrateMissedCall
FNDA:0,(anonymous_21)
FNDA:0,(anonymous_22)
FNDA:0,(anonymous_23)
FNDA:0,(anonymous_24)
FNDA:0,deactivateIntegration
FNDA:0,activateIntegration
FNDA:0,updateIntegrationProfilePicController
FNDA:0,updateIntegrationDocuments
FNDA:0,unregisteredCreateIntegration
FNDA:0,adminVerifyIntegration
FNDA:0,getIntegrationMyDetails
FNDA:0,getAllIntegrationsRecentByUser
FNDA:0,(anonymous_33)
FNDA:0,(anonymous_34)
FNDA:0,(anonymous_35)
FNDA:0,(anonymous_36)
FNDA:0,(anonymous_37)
FNDA:0,(anonymous_38)
FNDA:0,(anonymous_39)
FNDA:0,(anonymous_40)
FNDA:0,(anonymous_41)
FNDA:0,fixIntegrationUrls
FNDA:0,(anonymous_43)
FNDA:0,(anonymous_44)
FNDA:0,(anonymous_45)
FNDA:0,(anonymous_46)
FNDA:0,getAppDiscoveryIntegrations
FNDA:0,(anonymous_48)
FNDA:0,getAllIntegrationNoPagination
FNDA:0,(anonymous_50)
FNDA:0,(anonymous_51)
FNDA:0,(anonymous_52)
FNDA:0,(anonymous_53)
FNDA:0,(anonymous_54)
FNDA:0,(anonymous_55)
FNDA:0,(anonymous_56)
FNDA:0,(anonymous_57)
FNDA:0,(anonymous_58)
FNDA:0,(anonymous_59)
FNDA:0,getAllIntegrations
FNDA:0,(anonymous_61)
FNDA:0,(anonymous_62)
FNDA:0,(anonymous_63)
FNDA:0,(anonymous_64)
FNDA:0,(anonymous_65)
FNDA:0,(anonymous_66)
FNDA:0,toggleIntegrationStatus
FNDA:0,getDashboardStats
FNDA:0,getSuperAdminStats
FNDA:0,merchantUpdateIntegration
FNDA:0,(anonymous_71)
FNDA:0,(anonymous_72)
FNDA:0,resolveIdentityController
FNDA:0,(anonymous_74)
FNDA:0,(anonymous_75)
FNDA:0,(anonymous_76)
FNDA:0,(anonymous_77)
FNDA:0,(anonymous_78)
FNDA:0,(anonymous_79)
FNDA:0,(anonymous_80)
FNDA:0,(anonymous_81)
FNDA:0,(anonymous_82)
FNDA:0,(anonymous_83)
FNDA:0,(anonymous_84)
DA:1,1
DA:2,1
DA:3,1
DA:4,1
DA:5,1
DA:6,1
DA:7,1
DA:8,1
DA:9,1
DA:10,1
DA:17,1
DA:19,1
DA:20,1
DA:21,1
DA:22,1
DA:23,1
DA:24,1
DA:25,1
DA:28,0
DA:29,0
DA:30,0
DA:31,0
DA:32,0
DA:33,0
DA:35,0
DA:36,0
DA:38,0
DA:39,0
DA:41,0
DA:46,0
DA:47,0
DA:48,0
DA:49,0
DA:51,0
DA:52,0
DA:53,0
DA:55,0
DA:56,0
DA:59,0
DA:70,0
DA:83,0
DA:85,0
DA:86,0
DA:92,0
DA:93,0
DA:94,0
DA:101,0
DA:102,0
DA:103,0
DA:111,0
DA:112,0
DA:113,0
DA:115,0
DA:116,0
DA:118,0
DA:119,0
DA:125,0
DA:126,0
DA:128,0
DA:129,0
DA:137,0
DA:138,0
DA:139,0
DA:140,0
DA:142,0
DA:143,0
DA:149,0
DA:155,0
DA:156,0
DA:157,0
DA:159,0
DA:160,0
DA:161,0
DA:162,0
DA:171,0
DA:172,0
DA:180,0
DA:182,0
DA:189,0
DA:190,0
DA:195,0
DA:196,0
DA:198,0
DA:199,0
DA:200,0
DA:202,0
DA:203,0
DA:216,0
DA:217,0
DA:223,0
DA:235,0
DA:245,0
DA:246,0
DA:252,0
DA:263,0
DA:267,0
DA:268,0
DA:273,0
DA:274,0
DA:275,0
DA:276,0
DA:279,0
DA:280,0
DA:281,0
DA:284,0
DA:286,0
DA:287,0
DA:289,0
DA:290,0
DA:291,0
DA:303,0
DA:304,0
DA:305,0
DA:315,0
DA:316,0
DA:317,0
DA:318,0
DA:319,0
DA:323,0
DA:324,0
DA:325,0
DA:329,0
DA:330,0
DA:333,0
DA:334,0
DA:335,0
DA:336,0
DA:337,0
DA:340,0
DA:342,0
DA:349,0
DA:350,0
DA:351,0
DA:359,0
DA:360,0
DA:361,0
DA:364,0
DA:376,0
DA:377,0
DA:384,0
DA:385,0
DA:386,0
DA:388,0
DA:389,0
DA:391,0
DA:392,0
DA:393,0
DA:403,0
DA:405,0
DA:407,0
DA:416,0
DA:421,0
DA:422,0
DA:425,0
DA:426,0
DA:429,0
DA:430,0
DA:431,0
DA:432,0
DA:433,0
DA:436,0
DA:442,0
DA:447,0
DA:460,0
DA:461,0
DA:466,0
DA:467,0
DA:468,0
DA:470,0
DA:471,0
DA:473,0
DA:475,0
DA:480,0
DA:481,0
DA:486,0
DA:487,0
DA:488,0
DA:489,0
DA:490,0
DA:491,0
DA:492,0
DA:493,0
DA:495,0
DA:496,0
DA:497,0
DA:502,0
DA:503,0
DA:504,0
DA:513,0
DA:514,0
DA:517,0
DA:519,0
DA:529,0
DA:535,0
DA:536,0
DA:537,0
DA:544,0
DA:545,0
DA:546,0
DA:547,0
DA:552,0
DA:553,0
DA:562,0
DA:563,0
DA:564,0
DA:565,0
DA:566,0
DA:567,0
DA:568,0
DA:569,0
DA:570,0
DA:573,0
DA:576,0
DA:577,0
DA:578,0
DA:586,0
DA:589,0
DA:590,0
DA:594,0
DA:595,0
DA:596,0
DA:603,0
DA:605,0
DA:606,0
DA:607,0
DA:608,0
DA:611,0
DA:612,0
DA:613,0
DA:615,0
DA:616,0
DA:617,0
DA:623,0
DA:624,0
DA:625,0
DA:626,0
DA:627,0
DA:630,0
DA:631,0
DA:634,0
DA:635,0
DA:636,0
DA:637,0
DA:638,0
DA:639,0
DA:642,0
DA:643,0
DA:644,0
DA:645,0
DA:646,0
DA:647,0
DA:648,0
DA:649,0
DA:650,0
DA:652,0
DA:657,0
DA:658,0
DA:660,0
DA:662,0
DA:663,0
DA:664,0
DA:670,0
DA:690,0
DA:692,0
DA:693,0
DA:696,0
DA:697,0
DA:698,0
DA:701,0
DA:702,0
DA:703,0
DA:706,0
DA:707,0
DA:710,0
DA:712,0
DA:715,0
DA:722,0
DA:723,0
DA:726,0
DA:727,0
DA:728,0
DA:729,0
DA:730,0
DA:738,0
DA:739,0
DA:740,0
DA:742,0
DA:743,0
DA:744,0
DA:747,0
DA:748,0
DA:749,0
DA:750,0
DA:751,0
DA:753,0
DA:754,0
DA:755,0
DA:756,0
DA:757,0
DA:759,0
DA:760,0
DA:761,0
DA:765,0
DA:766,0
DA:767,0
DA:768,0
DA:769,0
DA:770,0
DA:771,0
DA:772,0
DA:773,0
DA:776,0
DA:777,0
DA:779,0
DA:780,0
DA:787,0
DA:788,0
DA:789,0
DA:790,0
DA:791,0
DA:792,0
DA:793,0
DA:794,0
DA:796,0
DA:801,0
DA:803,0
DA:833,0
DA:834,0
DA:839,0
DA:840,0
DA:845,0
DA:846,0
DA:853,0
DA:856,0
DA:857,0
DA:859,0
DA:862,0
DA:868,0
DA:869,0
DA:871,0
DA:872,0
DA:873,0
DA:878,0
DA:879,0
DA:880,0
DA:881,0
DA:883,0
DA:885,0
DA:886,0
DA:887,0
DA:888,0
DA:889,0
DA:890,0
DA:891,0
DA:894,0
DA:897,0
DA:898,0
DA:899,0
DA:907,0
DA:910,0
DA:911,0
DA:915,0
DA:916,0
DA:917,0
DA:921,0
DA:922,0
DA:927,0
DA:928,0
DA:929,0
DA:930,0
DA:931,0
DA:933,0
DA:936,0
DA:937,0
DA:941,0
DA:942,0
DA:943,0
DA:948,0
DA:949,0
DA:950,0
DA:951,0
DA:952,0
DA:954,0
DA:957,0
DA:958,0
DA:962,0
DA:963,0
DA:964,0
DA:972,0
DA:973,0
DA:974,0
DA:975,0
DA:977,0
DA:978,0
DA:979,0
DA:980,0
DA:985,0
DA:986,0
DA:987,0
DA:992,0
DA:998,0
DA:999,0
DA:1000,0
DA:1001,0
DA:1002,0
DA:1003,0
DA:1004,0
DA:1005,0
DA:1006,0
DA:1007,0
DA:1009,0
DA:1010,0
DA:1011,0
DA:1012,0
DA:1013,0
DA:1015,0
DA:1016,0
DA:1017,0
DA:1018,0
DA:1019,0
DA:1021,0
DA:1022,0
DA:1023,0
DA:1024,0
DA:1025,0
DA:1027,0
DA:1034,0
DA:1035,0
DA:1036,0
DA:1038,0
DA:1043,0
DA:1044,0
DA:1045,0
DA:1050,0
DA:1051,0
DA:1052,0
DA:1053,0
DA:1055,0
DA:1056,0
DA:1057,0
DA:1058,0
DA:1059,0
DA:1061,0
DA:1067,0
DA:1072,0
DA:1073,0
DA:1074,0
DA:1079,0
DA:1080,0
DA:1081,0
DA:1082,0
DA:1084,0
DA:1085,0
DA:1086,0
DA:1087,0
DA:1089,0
DA:1092,0
DA:1097,0
DA:1098,0
DA:1099,0
DA:1104,0
DA:1105,0
DA:1106,0
DA:1107,0
DA:1109,0
DA:1110,0
DA:1111,0
DA:1119,0
DA:1120,0
DA:1122,0
DA:1142,0
DA:1149,0
DA:1160,0
DA:1161,0
DA:1162,0
DA:1163,0
DA:1178,0
DA:1179,0
DA:1182,0
DA:1183,0
DA:1186,0
DA:1187,0
DA:1188,0
DA:1189,0
DA:1191,0
DA:1196,0
DA:1197,0
DA:1198,0
DA:1208,0
DA:1209,0
DA:1210,0
DA:1212,0
DA:1215,0
DA:1217,0
DA:1218,0
DA:1219,0
DA:1223,0
DA:1225,0
DA:1226,0
DA:1229,0
DA:1230,0
DA:1233,0
DA:1234,0
DA:1238,0
DA:1246,0
DA:1247,0
DA:1250,0
DA:1252,0
DA:1257,0
DA:1258,0
DA:1261,0
DA:1263,0
DA:1266,0
DA:1275,0
DA:1277,0
DA:1278,0
DA:1287,0
DA:1288,0
DA:1289,0
DA:1292,0
DA:1296,0
DA:1308,0
DA:1311,0
DA:1312,0
DA:1314,0
DA:1315,0
DA:1316,0
DA:1318,0
DA:1321,0
DA:1322,0
DA:1327,0
DA:1330,0
DA:1335,0
DA:1336,0
DA:1341,0
DA:1353,0
DA:1356,0
DA:1357,0
DA:1361,0
DA:1362,0
DA:1364,0
DA:1369,0
DA:1370,0
DA:1371,0
DA:1372,0
DA:1373,0
DA:1374,0
DA:1375,0
DA:1376,0
DA:1378,0
DA:1381,0
DA:1385,0
DA:1390,0
DA:1392,0
DA:1393,0
DA:1394,0
DA:1397,0
DA:1398,0
DA:1399,0
DA:1400,0
DA:1401,0
DA:1405,0
DA:1418,0
DA:1420,0
DA:1425,0
DA:1426,0
DA:1427,0
DA:1433,0
DA:1434,0
DA:1436,0
DA:1438,0
DA:1441,0
DA:1443,0
DA:1444,0
DA:1445,0
DA:1450,0
DA:1451,0
DA:1452,0
DA:1453,0
DA:1458,0
DA:1461,0
DA:1462,0
DA:1465,0
DA:1466,0
DA:1470,0
DA:1485,0
DA:1488,0
DA:1489,0
DA:1493,0
DA:1495,0
DA:1502,0
DA:1503,0
DA:1506,0
DA:1508,0
DA:1511,0
DA:1519,0
DA:1521,0
DA:1522,0
DA:1531,0
DA:1532,0
DA:1533,0
DA:1535,0
DA:1540,0
DA:1551,0
DA:1554,0
DA:1555,0
DA:1557,0
DA:1558,0
DA:1559,0
DA:1561,0
DA:1562,0
DA:1563,0
DA:1569,0
DA:1572,0
DA:1577,0
DA:1581,0
DA:1593,0
DA:1595,0
DA:1597,0
DA:1599,0
DA:1601,0
DA:1602,0
DA:1603,0
DA:1604,0
DA:1605,0
DA:1609,0
DA:1612,0
DA:1613,0
DA:1616,0
DA:1617,0
DA:1621,0
DA:1636,0
DA:1637,0
DA:1640,0
DA:1642,0
DA:1649,0
DA:1650,0
DA:1653,0
DA:1655,0
DA:1658,0
DA:1666,0
DA:1668,0
DA:1669,0
DA:1678,0
DA:1679,0
DA:1680,0
DA:1682,0
DA:1686,0
DA:1697,0
DA:1702,0
DA:1703,0
DA:1704,0
DA:1716,0
DA:1717,0
DA:1718,0
DA:1719,0
DA:1721,0
DA:1729,0
DA:1730,0
DA:1733,0
DA:1739,0
DA:1744,0
DA:1745,0
DA:1746,0
DA:1750,0
DA:1751,0
DA:1752,0
DA:1753,0
DA:1754,0
DA:1760,0
DA:1763,0
DA:1764,0
DA:1765,0
DA:1770,0
DA:1771,0
DA:1772,0
DA:1777,0
DA:1778,0
DA:1779,0
DA:1784,0
DA:1785,0
DA:1786,0
DA:1791,0
DA:1792,0
DA:1793,0
DA:1796,0
DA:1797,0
DA:1800,0
DA:1801,0
DA:1803,0
DA:1804,0
DA:1806,0
DA:1807,0
DA:1809,0
DA:1810,0
DA:1814,0
DA:1815,0
DA:1820,0
DA:1824,0
DA:1825,0
DA:1826,0
DA:1831,0
DA:1832,0
DA:1836,0
DA:1837,0
DA:1839,0
DA:1840,0
DA:1844,0
DA:1845,0
DA:1846,0
DA:1847,0
DA:1848,0
DA:1854,0
DA:1856,0
DA:1859,0
DA:1861,0
DA:1862,0
DA:1866,0
DA:1868,0
DA:1870,0
DA:1871,0
DA:1874,0
DA:1875,0
DA:1876,0
DA:1880,0
DA:1881,0
DA:1882,0
DA:1883,0
DA:1887,0
DA:1889,0
DA:1892,0
DA:1898,0
DA:1899,0
DA:1900,0
DA:1905,0
DA:1906,0
DA:1907,0
DA:1908,0
DA:1911,0
DA:1912,0
DA:1913,0
DA:1916,0
DA:1917,0
DA:1930,0
DA:1931,0
DA:1935,0
DA:1936,0
DA:1940,0
DA:1942,0
DA:1943,0
DA:1944,0
DA:1948,1
DA:1979,0
DA:1980,0
DA:1981,0
DA:1982,0
DA:1985,0
DA:1986,0
DA:1990,0
DA:1991,0
DA:1992,0
DA:1996,0
DA:2006,0
DA:2007,0
DA:2008,0
DA:2009,0
DA:2011,0
DA:2016,0
DA:2017,0
DA:2018,0
DA:2019,0
DA:2020,0
DA:2029,0
DA:2033,0
DA:2038,0
DA:2039,0
DA:2064,0
DA:2068,0
DA:2072,0
DA:2080,0
DA:2085,0
DA:2086,0
DA:2087,0
DA:2091,0
DA:2096,0
DA:2100,0
DA:2101,0
DA:2102,0
DA:2103,0
DA:2106,0
DA:2107,0
DA:2109,0
DA:2114,0
DA:2118,0
DA:2119,0
DA:2120,0
DA:2123,0
DA:2124,0
DA:2126,0
DA:2129,0
DA:2130,0
DA:2132,0
DA:2134,0
DA:2138,0
DA:2139,0
DA:2140,0
DA:2141,0
DA:2144,0
DA:2151,0
DA:2152,0
DA:2155,0
DA:2156,0
DA:2163,0
DA:2164,0
DA:2165,0
DA:2166,0
DA:2167,0
DA:2168,0
DA:2169,0
DA:2177,0
DA:2178,0
DA:2179,0
DA:2180,0
DA:2181,0
DA:2182,0
DA:2183,0
DA:2184,0
DA:2190,0
DA:2204,0
DA:2205,0
DA:2206,0
DA:2215,0
DA:2216,0
DA:2217,0
DA:2219,0
DA:2220,0
DA:2223,0
DA:2224,0
DA:2225,0
DA:2226,0
DA:2229,0
DA:2230,0
DA:2232,0
DA:2233,0
DA:2236,0
DA:2238,0
DA:2239,0
DA:2241,0
DA:2242,0
DA:2243,0
DA:2252,0
DA:2253,0
DA:2254,0
DA:2255,0
DA:2258,0
DA:2263,0
DA:2264,0
DA:2268,0
DA:2269,0
DA:2270,0
DA:2271,0
DA:2272,0
DA:2280,0
DA:2281,0
DA:2282,0
DA:2283,0
DA:2284,0
DA:2285,0
DA:2291,0
DA:2294,0
DA:2298,0
DA:2309,0
DA:2310,0
DA:2311,0
DA:2316,0
DA:2317,0
DA:2329,0
DA:2334,0
DA:2339,0
DA:2340,0
DA:2341,0
DA:2343,0
DA:2344,0
DA:2345,0
DA:2348,0
DA:2349,0
DA:2351,0
DA:2357,0
DA:2362,0
DA:2363,0
DA:2364,0
DA:2365,0
DA:2368,0
DA:2369,0
DA:2372,0
DA:2373,0
DA:2374,0
DA:2376,0
DA:2378,0
DA:2379,0
DA:2382,0
DA:2383,0
DA:2384,0
DA:2386,0
DA:2393,0
DA:2394,0
DA:2395,0
DA:2396,0
DA:2406,0
DA:2407,0
DA:2408,0
DA:2409,0
DA:2419,0
DA:2420,0
DA:2421,0
DA:2422,0
DA:2431,0
DA:2433,0
LF:918
LH:19
BRDA:28,0,0,0
BRDA:28,0,1,0
BRDA:28,1,0,0
BRDA:28,1,1,0
BRDA:31,2,0,0
BRDA:31,2,1,0
BRDA:32,3,0,0
BRDA:32,3,1,0
BRDA:32,4,0,0
BRDA:32,4,1,0
BRDA:32,4,2,0
BRDA:35,5,0,0
BRDA:35,5,1,0
BRDA:35,6,0,0
BRDA:35,6,1,0
BRDA:38,7,0,0
BRDA:38,7,1,0
BRDA:38,8,0,0
BRDA:38,8,1,0
BRDA:39,9,0,0
BRDA:39,9,1,0
BRDA:39,9,2,0
BRDA:39,9,3,0
BRDA:48,10,0,0
BRDA:48,10,1,0
BRDA:56,11,0,0
BRDA:56,11,1,0
BRDA:83,12,0,0
BRDA:83,12,1,0
BRDA:85,13,0,0
BRDA:85,13,1,0
BRDA:85,14,0,0
BRDA:85,14,1,0
BRDA:85,14,2,0
BRDA:92,15,0,0
BRDA:92,15,1,0
BRDA:93,16,0,0
BRDA:93,16,1,0
BRDA:102,17,0,0
BRDA:102,17,1,0
BRDA:112,18,0,0
BRDA:112,18,1,0
BRDA:112,19,0,0
BRDA:112,19,1,0
BRDA:115,20,0,0
BRDA:115,20,1,0
BRDA:118,21,0,0
BRDA:118,21,1,0
BRDA:128,22,0,0
BRDA:128,22,1,0
BRDA:128,23,0,0
BRDA:128,23,1,0
BRDA:137,24,0,0
BRDA:137,24,1,0
BRDA:137,25,0,0
BRDA:137,25,1,0
BRDA:140,26,0,0
BRDA:140,26,1,0
BRDA:140,27,0,0
BRDA:140,27,1,0
BRDA:142,28,0,0
BRDA:142,28,1,0
BRDA:160,29,0,0
BRDA:160,29,1,0
BRDA:175,30,0,0
BRDA:175,30,1,0
BRDA:190,31,0,0
BRDA:190,31,1,0
BRDA:190,32,0,0
BRDA:190,32,1,0
BRDA:198,33,0,0
BRDA:198,33,1,0
BRDA:198,34,0,0
BRDA:198,34,1,0
BRDA:198,34,2,0
BRDA:198,34,3,0
BRDA:202,35,0,0
BRDA:202,35,1,0
BRDA:245,36,0,0
BRDA:245,36,1,0
BRDA:268,37,0,0
BRDA:268,37,1,0
BRDA:268,38,0,0
BRDA:268,38,1,0
BRDA:275,39,0,0
BRDA:275,39,1,0
BRDA:284,40,0,0
BRDA:284,40,1,0
BRDA:287,41,0,0
BRDA:287,41,1,0
BRDA:289,42,0,0
BRDA:289,42,1,0
BRDA:289,43,0,0
BRDA:289,43,1,0
BRDA:303,44,0,0
BRDA:303,44,1,0
BRDA:303,45,0,0
BRDA:303,45,1,0
BRDA:315,46,0,0
BRDA:315,46,1,0
BRDA:318,47,0,0
BRDA:318,47,1,0
BRDA:324,48,0,0
BRDA:324,48,1,0
BRDA:329,49,0,0
BRDA:329,49,1,0
BRDA:329,50,0,0
BRDA:329,50,1,0
BRDA:333,51,0,0
BRDA:333,51,1,0
BRDA:334,52,0,0
BRDA:334,52,1,0
BRDA:336,53,0,0
BRDA:336,53,1,0
BRDA:336,54,0,0
BRDA:336,54,1,0
BRDA:350,55,0,0
BRDA:350,55,1,0
BRDA:354,56,0,0
BRDA:354,56,1,0
BRDA:359,57,0,0
BRDA:359,57,1,0
BRDA:370,58,0,0
BRDA:370,58,1,0
BRDA:371,59,0,0
BRDA:371,59,1,0
BRDA:372,60,0,0
BRDA:372,60,1,0
BRDA:377,61,0,0
BRDA:377,61,1,0
BRDA:377,62,0,0
BRDA:377,62,1,0
BRDA:389,63,0,0
BRDA:389,63,1,0
BRDA:392,64,0,0
BRDA:392,64,1,0
BRDA:405,65,0,0
BRDA:405,65,1,0
BRDA:405,66,0,0
BRDA:405,66,1,0
BRDA:416,67,0,0
BRDA:416,67,1,0
BRDA:416,67,2,0
BRDA:416,67,3,0
BRDA:421,68,0,0
BRDA:421,68,1,0
BRDA:421,69,0,0
BRDA:421,69,1,0
BRDA:425,70,0,0
BRDA:425,70,1,0
BRDA:425,71,0,0
BRDA:425,71,1,0
BRDA:429,72,0,0
BRDA:429,72,1,0
BRDA:430,73,0,0
BRDA:430,73,1,0
BRDA:432,74,0,0
BRDA:432,74,1,0
BRDA:432,75,0,0
BRDA:432,75,1,0
BRDA:461,76,0,0
BRDA:461,76,1,0
BRDA:461,77,0,0
BRDA:461,77,1,0
BRDA:471,78,0,0
BRDA:471,78,1,0
BRDA:481,79,0,0
BRDA:481,79,1,0
BRDA:481,80,0,0
BRDA:481,80,1,0
BRDA:488,81,0,0
BRDA:488,81,1,0
BRDA:504,82,0,0
BRDA:504,82,1,0
BRDA:504,83,0,0
BRDA:504,83,1,0
BRDA:525,84,0,0
BRDA:525,84,1,0
BRDA:526,85,0,0
BRDA:526,85,1,0
BRDA:537,86,0,0
BRDA:537,86,1,0
BRDA:537,87,0,0
BRDA:537,87,1,0
BRDA:553,88,0,0
BRDA:553,88,1,0
BRDA:553,89,0,0
BRDA:553,89,1,0
BRDA:553,90,0,0
BRDA:553,90,1,0
BRDA:567,91,0,0
BRDA:567,91,1,0
BRDA:577,92,0,0
BRDA:577,92,1,0
BRDA:596,93,0,0
BRDA:596,93,1,0
BRDA:596,94,0,0
BRDA:596,94,1,0
BRDA:596,95,0,0
BRDA:596,95,1,0
BRDA:606,96,0,0
BRDA:606,96,1,0
BRDA:617,97,0,0
BRDA:617,97,1,0
BRDA:617,98,0,0
BRDA:617,98,1,0
BRDA:617,99,0,0
BRDA:617,99,1,0
[...]
FNF:3
FNH:0
FNDA:0,toSlug
FNDA:0,(anonymous_1)
FNDA:0,(anonymous_2)
DA:1,1
DA:2,1
DA:3,1
DA:4,1
DA:7,1
DA:8,1
DA:9,0
DA:11,1
DA:12,1
DA:14,1
DA:18,0
DA:35,1
DA:43,0
DA:44,0
DA:45,0
DA:47,0
DA:56,0
DA:57,0
DA:58,0
DA:59,0
DA:60,0
DA:61,0
DA:62,0
DA:64,0
DA:65,0
DA:67,0
DA:74,0
DA:75,0
DA:77,0
DA:85,0
DA:86,0
DA:88,0
DA:91,0
DA:92,0
DA:98,0
DA:99,0
LF:36
LH:10
BRDA:8,0,0,0
BRDA:8,0,1,1
BRDA:11,1,0,1
BRDA:11,1,1,0
BRDA:41,2,0,0
BRDA:47,3,0,0
BRDA:47,3,1,0
BRDA:56,4,0,0
BRDA:56,4,1,0
BRDA:56,5,0,0
BRDA:56,5,1,0
BRDA:61,6,0,0
BRDA:61,6,1,0
BRF:13
BRH:2
end_of_record
TN:
SF:Utils/bulkInsertPOC.js
FN:4,insertBulkMessages
FNF:1
FNH:0
FNDA:0,insertBulkMessages
DA:1,1
DA:2,1
DA:5,0
DA:6,0
DA:7,0
DA:8,0
DA:19,0
DA:21,0
DA:22,0
DA:26,1
LF:10
LH:3
BRF:0
BRH:0
end_of_record
TN:
SF:Utils/cdpHelper.js
FN:15,(anonymous_0)
FN:66,(anonymous_1)
FN:150,(anonymous_2)
FN:205,(anonymous_3)
FN:264,(anonymous_4)
FN:284,(anonymous_5)
FN:291,(anonymous_6)
FN:300,(anonymous_7)
FN:345,(anonymous_8)
FN:370,(anonymous_9)
FN:378,(anonymous_10)
FN:391,(anonymous_11)
FN:432,(anonymous_12)
FN:496,(anonymous_13)
FN:549,(anonymous_14)
FNF:15
FNH:0
FNDA:0,(anonymous_0)
FNDA:0,(anonymous_1)
FNDA:0,(anonymous_2)
FNDA:0,(anonymous_3)
FNDA:0,(anonymous_4)
FNDA:0,(anonymous_5)
FNDA:0,(anonymous_6)
FNDA:0,(anonymous_7)
FNDA:0,(anonymous_8)
FNDA:0,(anonymous_9)
FNDA:0,(anonymous_10)
FNDA:0,(anonymous_11)
FNDA:0,(anonymous_12)
FNDA:0,(anonymous_13)
FNDA:0,(anonymous_14)
DA:1,1
DA:3,1
DA:5,1
DA:9,1
DA:15,1
DA:16,0
DA:17,0
DA:18,0
DA:19,0
DA:22,0
DA:32,0
DA:33,0
DA:34,0
DA:44,0
DA:53,0
DA:55,0
DA:56,0
DA:66,1
DA:67,0
DA:68,0
DA:69,0
DA:70,0
DA:73,0
DA:74,0
DA:75,0
DA:78,0
DA:79,0
DA:81,0
DA:82,0
DA:83,0
DA:85,0
DA:117,0
DA:127,0
DA:137,0
DA:138,0
DA:140,0
DA:141,0
DA:150,1
DA:157,0
DA:158,0
DA:159,0
DA:160,0
DA:163,0
DA:164,0
DA:165,0
DA:168,0
DA:185,0
DA:195,0
DA:196,0
DA:198,0
DA:199,0
DA:205,1
DA:206,0
DA:207,0
DA:208,0
DA:209,0
DA:212,0
DA:213,0
DA:214,0
DA:217,0
DA:247,0
DA:255,0
DA:256,0
DA:258,0
DA:259,0
DA:264,1
DA:265,0
DA:266,0
DA:267,0
DA:268,0
DA:271,0
DA:272,0
DA:273,0
DA:276,0
DA:277,0
DA:278,0
DA:281,0
DA:284,0
DA:290,0
DA:291,0
DA:295,0
DA:300,0
DA:325,0
DA:333,0
DA:334,0
DA:336,0
DA:337,0
DA:345,1
DA:349,0
DA:350,0
DA:351,0
DA:352,0
DA:355,0
DA:356,0
DA:357,0
DA:360,0
DA:361,0
DA:362,0
DA:365,0
DA:370,0
DA:377,0
DA:378,0
DA:380,0
DA:391,0
DA:413,0
DA:422,0
DA:423,0
DA:425,0
DA:426,0
DA:432,1
DA:433,0
DA:434,0
DA:435,0
DA:436,0
DA:439,0
DA:440,0
DA:441,0
DA:444,0
DA:445,0
DA:446,0
DA:449,0
DA:477,0
DA:486,0
DA:487,0
DA:489,0
DA:490,0
DA:496,1
DA:497,0
DA:499,0
DA:501,0
DA:502,0
DA:503,0
DA:506,0
DA:507,0
DA:508,0
DA:511,0
DA:528,0
DA:537,0
DA:538,0
DA:540,0
DA:541,0
DA:549,1
DA:550,0
DA:551,0
DA:552,0
DA:553,0
DA:556,0
DA:564,0
DA:574,0
DA:583,0
DA:584,0
DA:586,0
DA:587,0
DA:595,1
LF:154
LH:14
BRDA:17,0,0,0
BRDA:17,0,1,0
BRDA:32,1,0,0
BRDA:32,1,1,0
BRDA:32,2,0,0
BRDA:32,2,1,0
BRDA:68,3,0,0
BRDA:68,3,1,0
BRDA:73,4,0,0
BRDA:73,4,1,0
BRDA:73,5,0,0
BRDA:73,5,1,0
BRDA:90,6,0,0
BRDA:90,6,1,0
BRDA:91,7,0,0
BRDA:91,7,1,0
BRDA:92,8,0,0
BRDA:92,8,1,0
BRDA:93,9,0,0
BRDA:93,9,1,0
BRDA:94,10,0,0
BRDA:94,10,1,0
BRDA:95,11,0,0
BRDA:95,11,1,0
BRDA:155,12,0,0
BRDA:158,13,0,0
BRDA:158,13,1,0
BRDA:163,14,0,0
BRDA:163,14,1,0
BRDA:163,15,0,0
BRDA:163,15,1,0
BRDA:207,16,0,0
BRDA:207,16,1,0
BRDA:212,17,0,0
BRDA:212,17,1,0
BRDA:212,18,0,0
BRDA:212,18,1,0
BRDA:223,19,0,0
BRDA:223,19,1,0
BRDA:224,20,0,0
BRDA:224,20,1,0
BRDA:225,21,0,0
BRDA:225,21,1,0
BRDA:226,22,0,0
BRDA:226,22,1,0
BRDA:227,23,0,0
BRDA:227,23,1,0
BRDA:228,24,0,0
BRDA:228,24,1,0
BRDA:264,25,0,0
BRDA:266,26,0,0
BRDA:266,26,1,0
BRDA:271,27,0,0
BRDA:271,27,1,0
BRDA:271,28,0,0
BRDA:271,28,1,0
BRDA:276,29,0,0
BRDA:276,29,1,0
BRDA:276,30,0,0
BRDA:276,30,1,0
BRDA:284,31,0,0
BRDA:284,31,1,0
BRDA:284,32,0,0
BRDA:284,32,1,0
BRDA:291,33,0,0
BRDA:291,33,1,0
BRDA:301,34,0,0
BRDA:301,34,1,0
BRDA:302,35,0,0
BRDA:302,35,1,0
BRDA:303,36,0,0
BRDA:303,36,1,0
BRDA:304,37,0,0
BRDA:304,37,1,0
BRDA:305,38,0,0
BRDA:305,38,1,0
BRDA:350,39,0,0
BRDA:350,39,1,0
BRDA:355,40,0,0
BRDA:355,40,1,0
BRDA:355,41,0,0
BRDA:355,41,1,0
BRDA:360,42,0,0
BRDA:360,42,1,0
BRDA:360,43,0,0
BRDA:360,43,1,0
BRDA:360,43,2,0
BRDA:365,44,0,0
BRDA:365,44,1,0
BRDA:370,45,0,0
BRDA:370,45,1,0
BRDA:370,46,0,0
BRDA:370,46,1,0
BRDA:377,47,0,0
BRDA:377,47,1,0
BRDA:378,48,0,0
BRDA:378,48,1,0
BRDA:385,49,0,0
BRDA:385,49,1,0
BRDA:387,50,0,0
BRDA:387,50,1,0
BRDA:389,51,0,0
BRDA:389,51,1,0
BRDA:390,52,0,0
BRDA:390,52,1,0
BRDA:392,53,0,0
BRDA:392,53,1,0
BRDA:393,54,0,0
BRDA:393,54,1,0
BRDA:394,55,0,0
BRDA:394,55,1,0
BRDA:395,56,0,0
BRDA:395,56,1,0
BRDA:396,57,0,0
BRDA:396,57,1,0
BRDA:434,58,0,0
BRDA:434,58,1,0
BRDA:439,59,0,0
BRDA:439,59,1,0
BRDA:439,60,0,0
BRDA:439,60,1,0
BRDA:444,61,0,0
BRDA:444,61,1,0
BRDA:454,62,0,0
BRDA:454,62,1,0
BRDA:457,63,0,0
BRDA:457,63,1,0
BRDA:458,64,0,0
BRDA:458,64,1,0
BRDA:459,65,0,0
BRDA:459,65,1,0
BRDA:460,66,0,0
BRDA:460,66,1,0
BRDA:461,67,0,0
BRDA:461,67,1,0
BRDA:501,68,0,0
BRDA:501,68,1,0
BRDA:506,69,0,0
BRDA:506,69,1,0
BRDA:506,70,0,0
BRDA:506,70,1,0
BRDA:516,71,0,0
BRDA:516,71,1,0
BRDA:551,72,0,0
BRDA:551,72,1,0
BRDA:559,73,0,0
BRDA:559,73,1,0
BRDA:560,74,0,0
BRDA:560,74,1,0
BRDA:561,75,0,0
BRDA:561,75,1,0
BRF:151
BRH:0
end_of_record
TN:
SF:Utils/cron.helper.js
FN:16,(anonymous_0)
FN:26,(anonymous_1)
FNF:2
FNH:0
FNDA:0,(anonymous_0)
FNDA:0,(anonymous_1)
DA:1,1
DA:2,1
DA:3,1
DA:4,1
DA:8,1
DA:16,1
DA:17,0
DA:18,0
DA:20,0
DA:22,0
DA:24,0
DA:25,0
DA:26,0
DA:33,0
LF:14
LH:6
BRDA:24,0,0,0
BRDA:24,0,1,0
BRF:2
BRH:0
end_of_record
TN:
SF:Utils/csvParser.js
FN:16,(anonymous_0)
FN:17,(anonymous_1)
FN:25,(anonymous_2)
FN:51,(anonymous_3)
FN:96,(anonymous_4)
FN:113,(anonymous_5)
FN:114,(anonymous_6)
FNF:7
FNH:0
FNDA:0,(anonymous_0)
FNDA:0,(anonymous_1)
FNDA:0,(anonymous_2)
FNDA:0,(anonymous_3)
FNDA:0,(anonymous_4)
FNDA:0,(anonymous_5)
FNDA:0,(anonymous_6)
DA:2,1
DA:3,1
DA:5,1
DA:16,1
DA:17,0
DA:18,0
DA:19,0
DA:21,0
DA:23,0
DA:26,0
DA:27,0
DA:48,0
DA:52,0
DA:53,0
DA:56,0
DA:57,0
DA:58,0
DA:62,0
DA:64,0
DA:65,0
DA:71,0
DA:72,0
DA:73,0
DA:76,0
DA:77,0
DA:78,0
DA:79,0
DA:80,0
DA:81,0
DA:84,0
DA:89,0
DA:96,0
DA:113,0
DA:114,0
DA:120,1
LF:35
LH:5
BRDA:48,0,0,0
BRDA:48,0,1,0
BRDA:57,1,0,0
BRDA:57,1,1,0
BRDA:57,2,0,0
BRDA:57,2,1,0
BRDA:62,3,0,0
BRDA:62,3,1,0
BRDA:71,4,0,0
BRDA:71,4,1,0
BRDA:76,5,0,0
BRDA:76,5,1,0
BRDA:76,6,0,0
BRDA:76,6,1,0
BRDA:76,6,2,0
BRDA:79,7,0,0
BRDA:79,7,1,0
BRDA:79,8,0,0
BRDA:79,8,1,0
BRDA:79,8,2,0
BRDA:84,9,0,0
BRDA:84,9,1,0
BRDA:84,10,0,0
BRDA:84,10,1,0
BRDA:91,11,0,0
BRDA:91,11,1,0
BRDA:93,12,0,0
BRDA:93,12,1,0
BRDA:95,13,0,0
BRDA:95,13,1,0
BRDA:99,14,0,0
BRDA:99,14,1,0
BRDA:100,15,0,0
BRDA:100,15,1,0
BRDA:101,16,0,0
BRDA:101,16,1,0
BRDA:104,17,0,0
BRDA:104,17,1,0
BRDA:105,18,0,0
BRDA:105,18,1,0
BRDA:106,19,0,0
BRDA:106,19,1,0
BRDA:107,20,0,0
BRDA:107,20,1,0
BRDA:108,21,0,0
BRDA:108,21,1,0
BRDA:109,22,0,0
BRDA:109,22,1,0
BRDA:110,23,0,0
BRDA:110,23,1,0
BRF:50
BRH:0
end_of_record
TN:
SF:Utils/map.js
FN:5,getGeolocation
FN:36,(anonymous_1)
FN:83,searchPlaces
FN:97,(anonymous_3)
FN:112,reverseGeocode
FN:146,getDistanceAndTime
FNF:6
FNH:0
FNDA:0,getGeolocation
FNDA:0,(anonymous_1)
FNDA:0,searchPlaces
FNDA:0,(anonymous_3)
FNDA:0,reverseGeocode
FNDA:0,getDistanceAndTime
DA:2,1
DA:3,1
DA:6,0
DA:8,0
DA:10,0
DA:11,0
DA:18,0
DA:19,0
DA:22,0
DA:24,0
DA:31,0
DA:33,0
DA:34,0
DA:35,0
DA:36,0
DA:37,0
DA:38,0
DA:40,0
DA:41,0
DA:44,0
DA:45,0
DA:46,0
DA:57,0
DA:58,0
DA:59,0
DA:60,0
DA:68,0
DA:70,0
DA:71,0
DA:72,0
DA:84,0
DA:92,0
DA:94,0
DA:95,0
DA:97,0
DA:104,0
DA:106,0
DA:107,0
DA:113,0
DA:115,0
DA:123,0
DA:125,0
DA:126,0
DA:127,0
DA:128,0
DA:131,0
DA:133,0
DA:140,0
DA:141,0
DA:147,0
DA:149,0
DA:151,0
DA:152,0
DA:154,0
DA:156,0
DA:157,0
DA:160,0
DA:162,0
DA:169,0
DA:170,0
DA:174,1
LF:61
LH:3
BRDA:3,0,0,1
BRDA:3,0,1,1
BRDA:18,1,0,0
BRDA:18,1,1,0
BRDA:18,2,0,0
BRDA:18,2,1,0
BRDA:31,3,0,0
BRDA:31,3,1,0
BRDA:37,4,0,0
BRDA:37,4,1,0
BRDA:40,5,0,0
BRDA:40,5,1,0
BRDA:57,6,0,0
BRDA:57,6,1,0
BRDA:57,7,0,0
BRDA:57,7,1,0
BRDA:85,8,0,0
BRDA:85,8,1,0
BRDA:106,9,0,0
BRDA:106,9,1,0
BRDA:113,10,0,0
BRDA:113,10,1,0
BRDA:113,11,0,0
BRDA:113,11,1,0
BRDA:116,12,0,0
BRDA:116,12,1,0
BRDA:127,13,0,0
BRDA:127,13,1,0
BRDA:127,14,0,0
BRDA:127,14,1,0
BRDA:140,15,0,0
BRDA:140,15,1,0
BRDA:156,16,0,0
BRDA:156,16,1,0
BRDA:156,17,0,0
BRDA:156,17,1,0
BRDA:169,18,0,0
BRDA:169,18,1,0
BRF:38
BRH:2
end_of_record
TN:
SF:Utils/queue.helper.js
FN:36,(anonymous_0)
FN:49,(anonymous_1)
FN:61,(anonymous_2)
FN:65,processCampaignJob
FN:74,(anonymous_4)
FN:77,(anonymous_5)
FN:80,(anonymous_6)
FN:82,(anonymous_7)
FN:96,(anonymous_8)
FN:120,processSendingJob
FN:135,(anonymous_10)
FN:147,(anonymous_11)
FN:148,(anonymous_12)
FN:171,(anonymous_13)
FN:178,(anonymous_14)
FN:199,(anonymous_15)
FN:206,(anonymous_16)
FN:208,(anonymous_17)
FN:228,chunkArray
FN:239,updateMessageBody
FN:242,(anonymous_20)
FNF:21
FNH:0
FNDA:0,(anonymous_0)
FNDA:0,(anonymous_1)
FNDA:0,(anonymous_2)
FNDA:0,processCampaignJob
FNDA:0,(anonymous_4)
FNDA:0,(anonymous_5)
FNDA:0,(anonymous_6)
FNDA:0,(anonymous_7)
FNDA:0,(anonymous_8)
FNDA:0,processSendingJob
FNDA:0,(anonymous_10)
FNDA:0,(anonymous_11)
FNDA:0,(anonymous_12)
FNDA:0,(anonymous_13)
FNDA:0,(anonymous_14)
FNDA:0,(anonymous_15)
FNDA:0,(anonymous_16)
FNDA:0,(anonymous_17)
FNDA:0,chunkArray
FNDA:0,updateMessageBody
FNDA:0,(anonymous_20)
DA:1,1
DA:2,1
DA:6,1
DA:12,1
DA:14,1
DA:15,1
DA:16,1
DA:18,1
DA:20,1
DA:25,1
DA:27,1
DA:34,1
DA:37,0
DA:47,1
DA:50,0
DA:61,1
DA:62,0
DA:66,0
DA:70,0
DA:71,0
DA:72,0
DA:73,0
DA:74,0
DA:75,0
DA:76,0
DA:77,0
DA:78,0
DA:79,0
DA:80,0
DA:81,0
DA:82,0
DA:83,0
DA:91,0
DA:93,0
DA:94,0
DA:95,0
DA:96,0
DA:97,0
DA:107,0
DA:109,0
DA:110,0
DA:112,0
DA:115,0
DA:116,0
DA:121,0
DA:130,0
DA:131,0
DA:133,0
DA:134,0
DA:135,0
DA:136,0
DA:139,0
DA:142,0
DA:146,0
DA:147,0
DA:148,0
DA:149,0
DA:150,0
DA:151,0
DA:153,0
DA:155,0
DA:156,0
DA:157,0
DA:163,0
DA:164,0
DA:166,0
DA:167,0
DA:168,0
DA:170,0
DA:173,0
DA:174,0
DA:175,0
DA:177,0
DA:178,0
DA:184,0
DA:197,0
DA:200,0
DA:203,0
DA:205,0
DA:207,0
DA:208,0
DA:210,0
DA:216,0
DA:218,0
DA:219,0
DA:222,0
DA:223,0
DA:224,0
DA:229,0
DA:231,0
DA:232,0
DA:233,0
DA:236,0
DA:240,0
DA:241,0
DA:242,0
DA:243,0
DA:244,0
DA:245,0
DA:246,0
DA:248,0
DA:252,0
LF:102
LH:14
BRDA:72,0,0,0
BRDA:72,0,1,0
BRDA:76,1,0,0
BRDA:76,1,1,0
BRDA:79,2,0,0
BRDA:79,2,1,0
BRDA:150,3,0,0
BRDA:150,3,1,0
BRDA:155,4,0,0
BRDA:155,4,1,0
BRDA:167,5,0,0
BRDA:167,5,1,0
BRDA:177,6,0,0
BRDA:177,6,1,0
BRDA:187,7,0,0
BRDA:187,7,1,0
BRDA:218,8,0,0
BRDA:218,8,1,0
BRDA:241,9,0,0
BRDA:241,9,1,0
BRDA:241,10,0,0
BRDA:241,10,1,0
BRDA:243,11,0,0
BRDA:243,11,1,0
BRDA:245,12,0,0
BRDA:245,12,1,0
BRF:26
BRH:0
end_of_record
TN:
SF:Utils/razorpayToken.cron.js
FN:5,(anonymous_0)
FNF:1
FNH:0
FNDA:0,(anonymous_0)
DA:1,1
DA:2,1
DA:3,1
DA:5,1
DA:6,0
DA:8,0
DA:9,0
DA:13,0
DA:18,0
DA:19,0
DA:20,0
DA:25,0
DA:32,0
DA:34,0
LF:14
LH:4
BRF:0
BRH:0
end_of_record
TN:
SF:Utils/sseConnection.js
FN:9,(anonymous_0)
FN:25,(anonymous_1)
FN:33,(anonymous_2)
FN:36,(anonymous_3)
FN:41,(anonymous_4)
FN:42,(anonymous_5)
FN:46,(anonymous_6)
FN:56,(anonymous_7)
FN:61,(anonymous_8)
FN:84,(anonymous_9)
FN:94,(anonymous_10)
FN:97,(anonymous_11)
FN:103,(anonymous_12)
FN:110,(anonymous_13)
FN:121,(anonymous_14)
FN:126,(anonymous_15)
FN:137,(anonymous_16)
FN:146,(anonymous_17)
FN:174,(anonymous_18)
FN:181,(anonymous_19)
FNF:20
FNH:0
FNDA:0,(anonymous_0)
FNDA:0,(anonymous_1)
FNDA:0,(anonymous_2)
FNDA:0,(anonymous_3)
FNDA:0,(anonymous_4)
FNDA:0,(anonymous_5)
FNDA:0,(anonymous_6)
FNDA:0,(anonymous_7)
FNDA:0,(anonymous_8)
FNDA:0,(anonymous_9)
FNDA:0,(anonymous_10)
FNDA:0,(anonymous_11)
FNDA:0,(anonymous_12)
FNDA:0,(anonymous_13)
FNDA:0,(anonymous_14)
FNDA:0,(anonymous_15)
FNDA:0,(anonymous_16)
FNDA:0,(anonymous_17)
FNDA:0,(anonymous_18)
FNDA:0,(anonymous_19)
DA:1,1
DA:2,1
DA:4,1
DA:7,1
DA:9,1
DA:10,0
DA:12,0
DA:13,0
DA:14,0
DA:15,0
DA:16,0
DA:17,0
DA:19,0
DA:20,0
DA:21,0
DA:23,0
DA:25,0
DA:26,0
DA:27,0
DA:29,0
DA:33,0
DA:34,0
DA:35,0
DA:36,0
DA:41,1
DA:42,0
DA:43,0
DA:45,0
DA:46,0
DA:47,0
DA:48,0
DA:49,0
DA:51,0
DA:52,0
DA:55,0
DA:56,0
DA:61,1
DA:63,0
DA:64,0
DA:65,0
DA:66,0
DA:67,0
DA:70,0
DA:72,0
DA:73,0
DA:74,0
DA:75,0
DA:76,0
DA:77,0
DA:78,0
DA:79,0
DA:81,0
DA:84,0
DA:85,0
DA:86,0
DA:88,0
DA:89,0
DA:94,0
DA:95,0
DA:96,0
DA:97,0
DA:98,0
DA:103,1
DA:104,0
DA:105,0
DA:108,0
DA:110,0
DA:111,0
DA:112,0
DA:113,0
DA:115,0
DA:116,0
DA:120,0
DA:121,0
DA:122,0
DA:126,1
DA:127,0
DA:129,0
DA:135,0
DA:137,0
DA:138,0
DA:139,0
DA:141,0
DA:142,0
DA:144,0
DA:145,0
DA:146,0
DA:149,0
DA:161,0
DA:162,0
DA:164,0
DA:165,0
DA:170,0
DA:172,0
DA:173,0
DA:174,0
DA:177,0
DA:178,0
DA:179,0
DA:181,0
DA:192,0
DA:200,1
LF:102
LH:10
BRDA:43,0,0,0
BRDA:43,0,1,0
BRDA:55,1,0,0
BRDA:55,1,1,0
BRDA:63,2,0,0
BRDA:63,2,1,0
BRDA:70,3,0,0
BRDA:70,3,1,0
BRDA:98,4,0,0
BRDA:98,4,1,0
BRDA:104,5,0,0
BRDA:104,5,1,0
BRDA:120,6,0,0
BRDA:120,6,1,0
BRDA:126,7,0,0
BRDA:127,8,0,0
BRDA:127,9,0,0
BRDA:127,10,0,0
BRDA:139,11,0,0
BRDA:139,11,1,0
BRDA:142,12,0,0
BRDA:142,12,1,0
BRDA:144,13,0,0
BRDA:144,13,1,0
BRDA:145,14,0,0
BRDA:145,14,1,0
BRDA:146,15,0,0
BRDA:146,15,1,0
BRDA:153,16,0,0
BRDA:153,16,1,0
BRDA:164,17,0,0
BRDA:164,17,1,0
BRDA:172,18,0,0
BRDA:172,18,1,0
BRDA:189,19,0,0
BRDA:189,19,1,0
BRF:36
BRH:0
end_of_record
TN:
SF:Utils/AI/AIAdapterFactory.js
FN:13,(anonymous_0)
FN:52,(anonymous_1)
FNF:2
FNH:0
FNDA:0,(anonymous_0)
FNDA:0,(anonymous_1)
DA:1,1
DA:2,1
DA:3,1
DA:4,1
DA:5,1
DA:14,0
DA:16,0
DA:18,0
DA:19,0
DA:21,0
DA:22,0
DA:24,0
DA:25,0
DA:27,0
DA:28,0
DA:30,0
DA:31,0
DA:35,0
DA:36,0
DA:37,0
DA:40,0
DA:56,0
DA:58,0
DA:59,0
DA:62,0
DA:63,0
DA:64,0
DA:68,0
DA:69,0
DA:72,0
DA:74,0
DA:76,0
DA:79,0
DA:81,0
DA:83,0
DA:85,0
DA:90,1
LF:37
LH:6
BRDA:14,0,0,0
BRDA:14,0,1,0
BRDA:14,1,0,0
BRDA:14,1,1,0
BRDA:18,2,0,0
BRDA:18,2,1,0
BRDA:21,3,0,0
BRDA:21,3,1,0
BRDA:24,4,0,0
BRDA:24,4,1,0
BRDA:27,5,0,0
BRDA:27,5,1,0
BRDA:30,6,0,0
BRDA:30,6,1,0
BRDA:36,7,0,0
BRDA:36,7,1,0
BRDA:56,8,0,0
BRDA:56,8,1,0
BRDA:63,9,0,0
BRDA:63,9,1,0
BRDA:69,10,0,0
BRDA:69,10,1,0
BRDA:72,11,0,0
BRDA:72,11,1,0
BRDA:72,11,2,0
BRDA:72,11,3,0
BRDA:72,11,4,0
BRDA:72,11,5,0
BRDA:72,11,6,0
BRF:29
BRH:0
end_of_record
TN:
SF:Utils/AI/AIPort.js
FN:10,(anonymous_0)
FNF:1
FNH:0
FNDA:0,(anonymous_0)
DA:11,0
DA:15,1
LF:2
LH:1
BRDA:10,0,0,0
BRF:1
BRH:0
end_of_record
TN:
SF:Utils/AI/AnthropicAdapter.js
FN:5,(anonymous_0)
FN:10,(anonymous_1)
FN:14,(anonymous_2)
FN:17,(anonymous_3)
FNF:4
FNH:0
FNDA:0,(anonymous_0)
FNDA:0,(anonymous_1)
FNDA:0,(anonymous_2)
FNDA:0,(anonymous_3)
DA:1,1
DA:2,1
DA:6,0
DA:7,0
DA:11,0
DA:12,0
DA:14,0
DA:17,0
DA:19,0
DA:24,0
DA:25,0
DA:44,0
DA:45,0
DA:47,0
DA:49,0
DA:52,0
DA:57,1
LF:17
LH:3
BRDA:10,0,0,0
BRDA:11,1,0,0
BRDA:11,1,1,0
BRDA:12,2,0,0
BRDA:12,2,1,0
BRDA:14,3,0,0
BRDA:14,3,1,0
BRDA:15,4,0,0
BRDA:15,4,1,0
BRDA:15,5,0,0
BRDA:15,5,1,0
BRDA:16,6,0,0
BRDA:16,6,1,0
BRDA:16,6,2,0
BRDA:31,7,0,0
BRDA:31,7,1,0
BRDA:40,8,0,0
BRDA:40,8,1,0
BRDA:44,9,0,0
BRDA:44,9,1,0
BRDA:44,10,0,0
BRDA:44,10,1,0
BRDA:44,10,2,0
BRDA:49,11,0,0
BRDA:49,11,1,0
BRDA:49,12,0,0
BRDA:49,12,1,0
BRDA:49,12,2,0
BRF:28
BRH:0
end_of_record
TN:
SF:Utils/AI/GeminiAdapter.js
FN:5,(anonymous_0)
FN:10,(anonymous_1)
FN:20,(anonymous_2)
FN:23,(anonymous_3)
FNF:4
FNH:0
FNDA:0,(anonymous_0)
FNDA:0,(anonymous_1)
FNDA:0,(anonymous_2)
FNDA:0,(anonymous_3)
DA:1,1
DA:2,1
DA:6,0
DA:7,0
DA:11,0
DA:12,0
DA:14,0
DA:20,0
DA:23,0
DA:25,0
DA:33,0
DA:35,0
DA:36,0
DA:37,0
DA:44,0
DA:51,1
LF:16
LH:3
BRDA:10,0,0,0
BRDA:11,1,0,0
BRDA:11,1,1,0
BRDA:12,2,0,0
BRDA:12,2,1,0
BRDA:20,3,0,0
BRDA:20,3,1,0
BRDA:21,4,0,0
BRDA:21,4,1,0
BRDA:21,5,0,0
BRDA:21,5,1,0
BRDA:22,6,0,0
BRDA:22,6,1,0
BRDA:22,6,2,0
BRDA:36,7,0,0
BRDA:36,7,1,0
BRDA:38,8,0,0
BRDA:38,8,1,0
BRDA:39,9,0,0
BRDA:39,9,1,0
BRDA:40,10,0,0
BRDA:40,10,1,0
BRF:22
BRH:0
end_of_record
TN:
SF:Utils/AI/GroqAdapter.js
FN:5,(anonymous_0)
FN:10,(anonymous_1)
FN:14,(anonymous_2)
FN:17,(anonymous_3)
FNF:4
FNH:0
FNDA:0,(anonymous_0)
FNDA:0,(anonymous_1)
FNDA:0,(anonymous_2)
FNDA:0,(anonymous_3)
DA:1,1
DA:2,1
DA:6,0
DA:7,0
DA:11,0
DA:12,0
DA:14,0
DA:17,0
DA:19,0
DA:25,0
DA:26,0
DA:42,0
DA:43,0
DA:45,0
DA:47,0
DA:50,0
DA:55,1
LF:17
LH:3
BRDA:10,0,0,0
BRDA:11,1,0,0
BRDA:11,1,1,0
BRDA:12,2,0,0
BRDA:12,2,1,0
BRDA:14,3,0,0
BRDA:14,3,1,0
BRDA:15,4,0,0
BRDA:15,4,1,0
BRDA:15,5,0,0
BRDA:15,5,1,0
BRDA:16,6,0,0
BRDA:16,6,1,0
BRDA:16,6,2,0
BRDA:38,7,0,0
BRDA:38,7,1,0
BRDA:42,8,0,0
BRDA:42,8,1,0
BRDA:42,9,0,0
BRDA:42,9,1,0
BRDA:42,9,2,0
BRDA:47,10,0,0
BRDA:47,10,1,0
BRDA:47,11,0,0
BRDA:47,11,1,0
BRDA:47,11,2,0
BRF:26
BRH:0
end_of_record
TN:
SF:Utils/AI/OpenAIAdapter.js
FN:5,(anonymous_0)
FN:10,(anonymous_1)
FN:14,(anonymous_2)
FN:17,(anonymous_3)
FNF:4
FNH:0
FNDA:0,(anonymous_0)
FNDA:0,(anonymous_1)
FNDA:0,(anonymous_2)
FNDA:0,(anonymous_3)
DA:1,1
DA:2,1
DA:6,0
DA:7,0
DA:11,0
DA:12,0
DA:14,0
DA:17,0
DA:19,0
DA:25,0
DA:26,0
DA:30,0
DA:46,0
DA:47,0
DA:49,0
DA:51,0
DA:54,0
DA:59,1
LF:18
LH:3
BRDA:10,0,0,0
BRDA:11,1,0,0
BRDA:11,1,1,0
BRDA:12,2,0,0
BRDA:12,2,1,0
BRDA:14,3,0,0
BRDA:14,3,1,0
BRDA:15,4,0,0
BRDA:15,4,1,0
BRDA:15,5,0,0
BRDA:15,5,1,0
BRDA:16,6,0,0
BRDA:16,6,1,0
BRDA:16,6,2,0
BRDA:26,7,0,0
BRDA:26,7,1,0
BRDA:42,8,0,0
BRDA:42,8,1,0
BRDA:46,9,0,0
BRDA:46,9,1,0
BRDA:46,10,0,0
BRDA:46,10,1,0
BRDA:46,10,2,0
BRDA:51,11,0,0
BRDA:51,11,1,0
BRDA:51,12,0,0
BRDA:51,12,1,0
BRDA:51,12,2,0
BRF:28
BRH:0
end_of_record
TN:
SF:Utils/AI/SarvamAdapter.js
FN:5,(anonymous_0)
FN:10,(anonymous_1)
FN:15,(anonymous_2)
FN:18,(anonymous_3)
FNF:4
FNH:0
FNDA:0,(anonymous_0)
FNDA:0,(anonymous_1)
FNDA:0,(anonymous_2)
FNDA:0,(anonymous_3)
DA:1,1
DA:2,1
DA:6,0
DA:7,0
DA:11,0
DA:12,0
DA:13,0
DA:15,0
DA:18,0
DA:20,0
DA:37,0
DA:38,0
DA:39,0
DA:43,0
DA:47,1
LF:15
LH:3
BRDA:10,0,0,0
BRDA:11,1,0,0
BRDA:11,1,1,0
BRDA:12,2,0,0
BRDA:12,2,1,0
BRDA:13,3,0,0
BRDA:13,3,1,0
BRDA:15,4,0,0
BRDA:15,4,1,0
BRDA:16,5,0,0
BRDA:16,5,1,0
BRDA:16,6,0,0
BRDA:16,6,1,0
BRDA:17,7,0,0
BRDA:17,7,1,0
BRDA:17,7,2,0
BRDA:34,8,0,0
BRDA:34,8,1,0
BRDA:38,9,0,0
BRDA:38,9,1,0
BRDA:38,10,0,0
BRDA:38,10,1,0
BRF:22
BRH:0
end_of_record
TN:
SF:Validator/addressValidation.js
FN:3,(anonymous_0)
FN:9,(anonymous_1)
FN:12,(anonymous_2)
FN:38,(anonymous_3)
FN:56,(anonymous_4)
FNF:5
FNH:1
FNDA:9,(anonymous_0)
FNDA:0,(anonymous_1)
FNDA:0,(anonymous_2)
FNDA:0,(anonymous_3)
FNDA:0,(anonymous_4)
DA:1,1
DA:3,1
DA:4,9
DA:9,0
DA:12,0
DA:14,1
DA:20,1
DA:26,1
DA:38,0
DA:44,1
DA:56,0
DA:63,1
DA:68,1
LF:13
LH:9
BRDA:3,0,0,0
BRDA:3,1,0,0
BRF:2
BRH:0
end_of_record
TN:
SF:Validator/advertisementValidation.js
FNF:0
FNH:0
DA:1,1
DA:3,1
DA:8,1
LF:3
LH:3
BRF:0
BRH:0
end_of_record
TN:
SF:Validator/cartValidation.js
FNF:0
FNH:0
DA:1,1
DA:4,1
DA:9,1
DA:22,1
LF:4
LH:4
BRF:0
BRH:0
end_of_record
TN:
SF:Validator/catalogueValidation.js
FN:6,(anonymous_0)
FN:10,(anonymous_1)
FN:13,(anonymous_2)
FNF:3
FNH:1
FNDA:4,(anonymous_0)
FNDA:0,(anonymous_1)
FNDA:0,(anonymous_2)
DA:1,1
DA:6,1
DA:7,4
DA:10,0
DA:13,0
DA:17,1
DA:27,1
DA:37,1
LF:8
LH:6
BRDA:6,0,0,0
BRDA:6,1,0,0
BRF:2
BRH:0
end_of_record
TN:
SF:Validator/customizationValidation.js
FN:17,(anonymous_0)
FN:42,(anonymous_1)
FN:62,(anonymous_2)
FNF:3
FNH:0
FNDA:0,(anonymous_0)
FNDA:0,(anonymous_1)
FNDA:0,(anonymous_2)
DA:1,1
DA:3,1
DA:17,0
DA:31,1
DA:42,0
DA:51,1
DA:62,0
DA:70,1
LF:8
LH:5
BRDA:17,0,0,0
BRDA:17,0,1,0
BRDA:42,1,0,0
BRDA:42,1,1,0
BRDA:62,2,0,0
BRDA:62,2,1,0
BRF:6
BRH:0
end_of_record
TN:
SF:Validator/dealValidation.js
FN:9,(anonymous_0)
FN:38,(anonymous_1)
FNF:2
FNH:0
FNDA:0,(anonymous_0)
FNDA:0,(anonymous_1)
DA:1,1
DA:3,1
DA:10,0
DA:32,1
DA:39,0
DA:62,1
LF:6
LH:4
BRDA:10,0,0,0
BRDA:10,0,1,0
BRDA:39,1,0,0
BRDA:39,1,1,0
BRF:4
BRH:0
end_of_record
TN:
SF:Validator/productValidation.js
FN:7,(anonymous_0)
FN:17,(anonymous_1)
FN:23,(anonymous_2)
FN:27,(anonymous_3)
FN:31,(anonymous_4)
FN:35,(anonymous_5)
FN:39,(anonymous_6)
FNF:7
FNH:0
FNDA:0,(anonymous_0)
FNDA:0,(anonymous_1)
FNDA:0,(anonymous_2)
FNDA:0,(anonymous_3)
FNDA:0,(anonymous_4)
FNDA:0,(anonymous_5)
FNDA:0,(anonymous_6)
DA:1,1
DA:3,1
DA:7,0
DA:17,0
DA:23,0
DA:27,0
DA:31,0
DA:35,0
DA:39,0
DA:45,1
LF:10
LH:3
BRDA:17,0,0,0
BRDA:17,0,1,0
BRDA:23,1,0,0
BRDA:23,1,1,0
BRDA:27,2,0,0
BRDA:27,2,1,0
BRDA:31,3,0,0
BRDA:31,3,1,0
BRDA:35,4,0,0
BRDA:35,4,1,0
BRDA:39,5,0,0
BRDA:39,5,1,0
BRF:12
BRH:0
end_of_record
